2017-02-16 16:00:13,450 [ERROR] from akka.cluster.sharding.PersistentShardCoordinator in consumer-impl-application-akka.actor.default-dispatcher-16 - Exception in receiveRecover when replaying event type [akka.cluster.sharding.ShardCoordinator$Internal$ShardHomeAllocated] with sequence number [3] for persistenceId [/sharding/HelloEntityCoordinator].
java.lang.IllegalArgumentException: requirement failed: Region Actor[akka.tcp://consumer-impl-application@127.0.0.1:44259/system/sharding/HelloEntity#657522096] not registered: State(Map(),Map(),Set(),Set(),false)
	at scala.Predef$.require(Predef.scala:224) ~[scala-library-2.11.8.jar:1.0.0-M1]
	at akka.cluster.sharding.ShardCoordinator$Internal$State.updated(ShardCoordinator.scala:294) ~[akka-cluster-sharding_2.11-2.4.16.jar:na]
	at akka.cluster.sharding.PersistentShardCoordinator$$anonfun$receiveRecover$1.applyOrElse(ShardCoordinator.scala:776) ~[akka-cluster-sharding_2.11-2.4.16.jar:na]
	at scala.runtime.AbstractPartialFunction.apply(AbstractPartialFunction.scala:36) ~[scala-library-2.11.8.jar:1.0.0-M1]
	at akka.persistence.Eventsourced$$anon$3$$anonfun$1.applyOrElse(Eventsourced.scala:484) ~[akka-persistence_2.11-2.4.16.jar:na]
	at akka.actor.Actor$class.aroundReceive(Actor.scala:496) ~[akka-actor_2.11-2.4.16.jar:na]
	at akka.cluster.sharding.PersistentShardCoordinator.akka$persistence$Eventsourced$$super$aroundReceive(ShardCoordinator.scala:744) ~[akka-cluster-sharding_2.11-2.4.16.jar:na]
	at akka.persistence.Eventsourced$$anon$4.stateReceive(Eventsourced.scala:552) ~[akka-persistence_2.11-2.4.16.jar:na]
	at akka.persistence.Eventsourced$class.aroundReceive(Eventsourced.scala:183) ~[akka-persistence_2.11-2.4.16.jar:na]
	at akka.cluster.sharding.PersistentShardCoordinator.aroundReceive(ShardCoordinator.scala:744) ~[akka-cluster-sharding_2.11-2.4.16.jar:na]
	at akka.actor.ActorCell.receiveMessage(ActorCell.scala:526) [akka-actor_2.11-2.4.16.jar:na]
	at akka.actor.ActorCell.invoke(ActorCell.scala:495) [akka-actor_2.11-2.4.16.jar:na]
	at akka.dispatch.Mailbox.processMailbox(Mailbox.scala:257) [akka-actor_2.11-2.4.16.jar:na]
	at akka.dispatch.Mailbox.run(Mailbox.scala:224) [akka-actor_2.11-2.4.16.jar:na]
	at akka.dispatch.Mailbox.exec(Mailbox.scala:234) [akka-actor_2.11-2.4.16.jar:na]
	at scala.concurrent.forkjoin.ForkJoinTask.doExec(ForkJoinTask.java:260) [scala-library-2.11.8.jar:na]
	at scala.concurrent.forkjoin.ForkJoinPool$WorkQueue.runTask(ForkJoinPool.java:1339) [scala-library-2.11.8.jar:na]
	at scala.concurrent.forkjoin.ForkJoinPool.runWorker(ForkJoinPool.java:1979) [scala-library-2.11.8.jar:na]
	at scala.concurrent.forkjoin.ForkJoinWorkerThread.run(ForkJoinWorkerThread.java:107) [scala-library-2.11.8.jar:na]
2017-02-16 16:00:18,659 [ERROR] from akka.cluster.sharding.PersistentShardCoordinator in consumer-impl-application-akka.actor.default-dispatcher-2 - Exception in receiveRecover when replaying event type [akka.cluster.sharding.ShardCoordinator$Internal$ShardHomeAllocated] with sequence number [3] for persistenceId [/sharding/HelloEntityCoordinator].
java.lang.IllegalArgumentException: requirement failed: Region Actor[akka.tcp://consumer-impl-application@127.0.0.1:44259/system/sharding/HelloEntity#657522096] not registered: State(Map(),Map(),Set(),Set(),false)
	at scala.Predef$.require(Predef.scala:224) ~[scala-library-2.11.8.jar:1.0.0-M1]
	at akka.cluster.sharding.ShardCoordinator$Internal$State.updated(ShardCoordinator.scala:294) ~[akka-cluster-sharding_2.11-2.4.16.jar:na]
	at akka.cluster.sharding.PersistentShardCoordinator$$anonfun$receiveRecover$1.applyOrElse(ShardCoordinator.scala:776) ~[akka-cluster-sharding_2.11-2.4.16.jar:na]
	at scala.runtime.AbstractPartialFunction.apply(AbstractPartialFunction.scala:36) ~[scala-library-2.11.8.jar:1.0.0-M1]
	at akka.persistence.Eventsourced$$anon$3$$anonfun$1.applyOrElse(Eventsourced.scala:484) ~[akka-persistence_2.11-2.4.16.jar:na]
	at akka.actor.Actor$class.aroundReceive(Actor.scala:496) ~[akka-actor_2.11-2.4.16.jar:na]
	at akka.cluster.sharding.PersistentShardCoordinator.akka$persistence$Eventsourced$$super$aroundReceive(ShardCoordinator.scala:744) ~[akka-cluster-sharding_2.11-2.4.16.jar:na]
	at akka.persistence.Eventsourced$$anon$4.stateReceive(Eventsourced.scala:552) ~[akka-persistence_2.11-2.4.16.jar:na]
	at akka.persistence.Eventsourced$class.aroundReceive(Eventsourced.scala:183) ~[akka-persistence_2.11-2.4.16.jar:na]
	at akka.cluster.sharding.PersistentShardCoordinator.aroundReceive(ShardCoordinator.scala:744) ~[akka-cluster-sharding_2.11-2.4.16.jar:na]
	at akka.actor.ActorCell.receiveMessage(ActorCell.scala:526) [akka-actor_2.11-2.4.16.jar:na]
	at akka.actor.ActorCell.invoke(ActorCell.scala:495) [akka-actor_2.11-2.4.16.jar:na]
	at akka.dispatch.Mailbox.processMailbox(Mailbox.scala:257) [akka-actor_2.11-2.4.16.jar:na]
	at akka.dispatch.Mailbox.run(Mailbox.scala:224) [akka-actor_2.11-2.4.16.jar:na]
	at akka.dispatch.Mailbox.exec(Mailbox.scala:234) [akka-actor_2.11-2.4.16.jar:na]
	at scala.concurrent.forkjoin.ForkJoinTask.doExec(ForkJoinTask.java:260) [scala-library-2.11.8.jar:na]
	at scala.concurrent.forkjoin.ForkJoinPool$WorkQueue.runTask(ForkJoinPool.java:1339) [scala-library-2.11.8.jar:na]
	at scala.concurrent.forkjoin.ForkJoinPool.runWorker(ForkJoinPool.java:1979) [scala-library-2.11.8.jar:na]
	at scala.concurrent.forkjoin.ForkJoinWorkerThread.run(ForkJoinWorkerThread.java:107) [scala-library-2.11.8.jar:na]
2017-02-16 16:00:28,916 [ERROR] from akka.cluster.sharding.PersistentShardCoordinator in consumer-impl-application-akka.actor.default-dispatcher-2 - Exception in receiveRecover when replaying event type [akka.cluster.sharding.ShardCoordinator$Internal$ShardHomeAllocated] with sequence number [3] for persistenceId [/sharding/HelloEntityCoordinator].
java.lang.IllegalArgumentException: requirement failed: Region Actor[akka.tcp://consumer-impl-application@127.0.0.1:44259/system/sharding/HelloEntity#657522096] not registered: State(Map(),Map(),Set(),Set(),false)
	at scala.Predef$.require(Predef.scala:224) ~[scala-library-2.11.8.jar:1.0.0-M1]
	at akka.cluster.sharding.ShardCoordinator$Internal$State.updated(ShardCoordinator.scala:294) ~[akka-cluster-sharding_2.11-2.4.16.jar:na]
	at akka.cluster.sharding.PersistentShardCoordinator$$anonfun$receiveRecover$1.applyOrElse(ShardCoordinator.scala:776) ~[akka-cluster-sharding_2.11-2.4.16.jar:na]
	at scala.runtime.AbstractPartialFunction.apply(AbstractPartialFunction.scala:36) ~[scala-library-2.11.8.jar:1.0.0-M1]
	at akka.persistence.Eventsourced$$anon$3$$anonfun$1.applyOrElse(Eventsourced.scala:484) ~[akka-persistence_2.11-2.4.16.jar:na]
	at akka.actor.Actor$class.aroundReceive(Actor.scala:496) ~[akka-actor_2.11-2.4.16.jar:na]
	at akka.cluster.sharding.PersistentShardCoordinator.akka$persistence$Eventsourced$$super$aroundReceive(ShardCoordinator.scala:744) ~[akka-cluster-sharding_2.11-2.4.16.jar:na]
	at akka.persistence.Eventsourced$$anon$4.stateReceive(Eventsourced.scala:552) ~[akka-persistence_2.11-2.4.16.jar:na]
	at akka.persistence.Eventsourced$class.aroundReceive(Eventsourced.scala:183) ~[akka-persistence_2.11-2.4.16.jar:na]
	at akka.cluster.sharding.PersistentShardCoordinator.aroundReceive(ShardCoordinator.scala:744) ~[akka-cluster-sharding_2.11-2.4.16.jar:na]
	at akka.actor.ActorCell.receiveMessage(ActorCell.scala:526) [akka-actor_2.11-2.4.16.jar:na]
	at akka.actor.ActorCell.invoke(ActorCell.scala:495) [akka-actor_2.11-2.4.16.jar:na]
	at akka.dispatch.Mailbox.processMailbox(Mailbox.scala:257) [akka-actor_2.11-2.4.16.jar:na]
	at akka.dispatch.Mailbox.run(Mailbox.scala:224) [akka-actor_2.11-2.4.16.jar:na]
	at akka.dispatch.Mailbox.exec(Mailbox.scala:234) [akka-actor_2.11-2.4.16.jar:na]
	at scala.concurrent.forkjoin.ForkJoinTask.doExec(ForkJoinTask.java:260) [scala-library-2.11.8.jar:na]
	at scala.concurrent.forkjoin.ForkJoinPool$WorkQueue.runTask(ForkJoinPool.java:1339) [scala-library-2.11.8.jar:na]
	at scala.concurrent.forkjoin.ForkJoinPool.runWorker(ForkJoinPool.java:1979) [scala-library-2.11.8.jar:na]
	at scala.concurrent.forkjoin.ForkJoinWorkerThread.run(ForkJoinWorkerThread.java:107) [scala-library-2.11.8.jar:na]
2017-02-16 16:00:52,906 [ERROR] from akka.cluster.sharding.PersistentShardCoordinator in consumer-impl-application-akka.actor.default-dispatcher-6 - Exception in receiveRecover when replaying event type [akka.cluster.sharding.ShardCoordinator$Internal$ShardHomeAllocated] with sequence number [3] for persistenceId [/sharding/HelloEntityCoordinator].
java.lang.IllegalArgumentException: requirement failed: Region Actor[akka.tcp://consumer-impl-application@127.0.0.1:44259/system/sharding/HelloEntity#657522096] not registered: State(Map(),Map(),Set(),Set(),false)
	at scala.Predef$.require(Predef.scala:224) ~[scala-library-2.11.8.jar:1.0.0-M1]
	at akka.cluster.sharding.ShardCoordinator$Internal$State.updated(ShardCoordinator.scala:294) ~[akka-cluster-sharding_2.11-2.4.16.jar:na]
	at akka.cluster.sharding.PersistentShardCoordinator$$anonfun$receiveRecover$1.applyOrElse(ShardCoordinator.scala:776) ~[akka-cluster-sharding_2.11-2.4.16.jar:na]
	at scala.runtime.AbstractPartialFunction.apply(AbstractPartialFunction.scala:36) ~[scala-library-2.11.8.jar:1.0.0-M1]
	at akka.persistence.Eventsourced$$anon$3$$anonfun$1.applyOrElse(Eventsourced.scala:484) ~[akka-persistence_2.11-2.4.16.jar:na]
	at akka.actor.Actor$class.aroundReceive(Actor.scala:496) ~[akka-actor_2.11-2.4.16.jar:na]
	at akka.cluster.sharding.PersistentShardCoordinator.akka$persistence$Eventsourced$$super$aroundReceive(ShardCoordinator.scala:744) ~[akka-cluster-sharding_2.11-2.4.16.jar:na]
	at akka.persistence.Eventsourced$$anon$4.stateReceive(Eventsourced.scala:552) ~[akka-persistence_2.11-2.4.16.jar:na]
	at akka.persistence.Eventsourced$class.aroundReceive(Eventsourced.scala:183) ~[akka-persistence_2.11-2.4.16.jar:na]
	at akka.cluster.sharding.PersistentShardCoordinator.aroundReceive(ShardCoordinator.scala:744) ~[akka-cluster-sharding_2.11-2.4.16.jar:na]
	at akka.actor.ActorCell.receiveMessage(ActorCell.scala:526) [akka-actor_2.11-2.4.16.jar:na]
	at akka.actor.ActorCell.invoke(ActorCell.scala:495) [akka-actor_2.11-2.4.16.jar:na]
	at akka.dispatch.Mailbox.processMailbox(Mailbox.scala:257) [akka-actor_2.11-2.4.16.jar:na]
	at akka.dispatch.Mailbox.run(Mailbox.scala:224) [akka-actor_2.11-2.4.16.jar:na]
	at akka.dispatch.Mailbox.exec(Mailbox.scala:234) [akka-actor_2.11-2.4.16.jar:na]
	at scala.concurrent.forkjoin.ForkJoinTask.doExec(ForkJoinTask.java:260) [scala-library-2.11.8.jar:na]
	at scala.concurrent.forkjoin.ForkJoinPool$WorkQueue.runTask(ForkJoinPool.java:1339) [scala-library-2.11.8.jar:na]
	at scala.concurrent.forkjoin.ForkJoinPool.runWorker(ForkJoinPool.java:1979) [scala-library-2.11.8.jar:na]
	at scala.concurrent.forkjoin.ForkJoinWorkerThread.run(ForkJoinWorkerThread.java:107) [scala-library-2.11.8.jar:na]
2017-02-16 16:01:19,460 [ERROR] from akka.cluster.sharding.PersistentShardCoordinator in consumer-impl-application-akka.actor.default-dispatcher-5 - Exception in receiveRecover when replaying event type [akka.cluster.sharding.ShardCoordinator$Internal$ShardHomeAllocated] with sequence number [3] for persistenceId [/sharding/HelloEntityCoordinator].
java.lang.IllegalArgumentException: requirement failed: Region Actor[akka.tcp://consumer-impl-application@127.0.0.1:44259/system/sharding/HelloEntity#657522096] not registered: State(Map(),Map(),Set(),Set(),false)
	at scala.Predef$.require(Predef.scala:224) ~[scala-library-2.11.8.jar:1.0.0-M1]
	at akka.cluster.sharding.ShardCoordinator$Internal$State.updated(ShardCoordinator.scala:294) ~[akka-cluster-sharding_2.11-2.4.16.jar:na]
	at akka.cluster.sharding.PersistentShardCoordinator$$anonfun$receiveRecover$1.applyOrElse(ShardCoordinator.scala:776) ~[akka-cluster-sharding_2.11-2.4.16.jar:na]
	at scala.runtime.AbstractPartialFunction.apply(AbstractPartialFunction.scala:36) ~[scala-library-2.11.8.jar:1.0.0-M1]
	at akka.persistence.Eventsourced$$anon$3$$anonfun$1.applyOrElse(Eventsourced.scala:484) ~[akka-persistence_2.11-2.4.16.jar:na]
	at akka.actor.Actor$class.aroundReceive(Actor.scala:496) ~[akka-actor_2.11-2.4.16.jar:na]
	at akka.cluster.sharding.PersistentShardCoordinator.akka$persistence$Eventsourced$$super$aroundReceive(ShardCoordinator.scala:744) ~[akka-cluster-sharding_2.11-2.4.16.jar:na]
	at akka.persistence.Eventsourced$$anon$4.stateReceive(Eventsourced.scala:552) ~[akka-persistence_2.11-2.4.16.jar:na]
	at akka.persistence.Eventsourced$class.aroundReceive(Eventsourced.scala:183) ~[akka-persistence_2.11-2.4.16.jar:na]
	at akka.cluster.sharding.PersistentShardCoordinator.aroundReceive(ShardCoordinator.scala:744) ~[akka-cluster-sharding_2.11-2.4.16.jar:na]
	at akka.actor.ActorCell.receiveMessage(ActorCell.scala:526) [akka-actor_2.11-2.4.16.jar:na]
	at akka.actor.ActorCell.invoke(ActorCell.scala:495) [akka-actor_2.11-2.4.16.jar:na]
	at akka.dispatch.Mailbox.processMailbox(Mailbox.scala:257) [akka-actor_2.11-2.4.16.jar:na]
	at akka.dispatch.Mailbox.run(Mailbox.scala:224) [akka-actor_2.11-2.4.16.jar:na]
	at akka.dispatch.Mailbox.exec(Mailbox.scala:234) [akka-actor_2.11-2.4.16.jar:na]
	at scala.concurrent.forkjoin.ForkJoinTask.doExec(ForkJoinTask.java:260) [scala-library-2.11.8.jar:na]
	at scala.concurrent.forkjoin.ForkJoinPool$WorkQueue.runTask(ForkJoinPool.java:1339) [scala-library-2.11.8.jar:na]
	at scala.concurrent.forkjoin.ForkJoinPool.runWorker(ForkJoinPool.java:1979) [scala-library-2.11.8.jar:na]
	at scala.concurrent.forkjoin.ForkJoinWorkerThread.run(ForkJoinWorkerThread.java:107) [scala-library-2.11.8.jar:na]
2017-02-16 16:01:49,186 [ERROR] from akka.cluster.sharding.PersistentShardCoordinator in consumer-impl-application-akka.actor.default-dispatcher-4 - Exception in receiveRecover when replaying event type [akka.cluster.sharding.ShardCoordinator$Internal$ShardHomeAllocated] with sequence number [3] for persistenceId [/sharding/HelloEntityCoordinator].
java.lang.IllegalArgumentException: requirement failed: Region Actor[akka.tcp://consumer-impl-application@127.0.0.1:44259/system/sharding/HelloEntity#657522096] not registered: State(Map(),Map(),Set(),Set(),false)
	at scala.Predef$.require(Predef.scala:224) ~[scala-library-2.11.8.jar:1.0.0-M1]
	at akka.cluster.sharding.ShardCoordinator$Internal$State.updated(ShardCoordinator.scala:294) ~[akka-cluster-sharding_2.11-2.4.16.jar:na]
	at akka.cluster.sharding.PersistentShardCoordinator$$anonfun$receiveRecover$1.applyOrElse(ShardCoordinator.scala:776) ~[akka-cluster-sharding_2.11-2.4.16.jar:na]
	at scala.runtime.AbstractPartialFunction.apply(AbstractPartialFunction.scala:36) ~[scala-library-2.11.8.jar:1.0.0-M1]
	at akka.persistence.Eventsourced$$anon$3$$anonfun$1.applyOrElse(Eventsourced.scala:484) ~[akka-persistence_2.11-2.4.16.jar:na]
	at akka.actor.Actor$class.aroundReceive(Actor.scala:496) ~[akka-actor_2.11-2.4.16.jar:na]
	at akka.cluster.sharding.PersistentShardCoordinator.akka$persistence$Eventsourced$$super$aroundReceive(ShardCoordinator.scala:744) ~[akka-cluster-sharding_2.11-2.4.16.jar:na]
	at akka.persistence.Eventsourced$$anon$4.stateReceive(Eventsourced.scala:552) ~[akka-persistence_2.11-2.4.16.jar:na]
	at akka.persistence.Eventsourced$class.aroundReceive(Eventsourced.scala:183) ~[akka-persistence_2.11-2.4.16.jar:na]
	at akka.cluster.sharding.PersistentShardCoordinator.aroundReceive(ShardCoordinator.scala:744) ~[akka-cluster-sharding_2.11-2.4.16.jar:na]
	at akka.actor.ActorCell.receiveMessage(ActorCell.scala:526) [akka-actor_2.11-2.4.16.jar:na]
	at akka.actor.ActorCell.invoke(ActorCell.scala:495) [akka-actor_2.11-2.4.16.jar:na]
	at akka.dispatch.Mailbox.processMailbox(Mailbox.scala:257) [akka-actor_2.11-2.4.16.jar:na]
	at akka.dispatch.Mailbox.run(Mailbox.scala:224) [akka-actor_2.11-2.4.16.jar:na]
	at akka.dispatch.Mailbox.exec(Mailbox.scala:234) [akka-actor_2.11-2.4.16.jar:na]
	at scala.concurrent.forkjoin.ForkJoinTask.doExec(ForkJoinTask.java:260) [scala-library-2.11.8.jar:na]
	at scala.concurrent.forkjoin.ForkJoinPool$WorkQueue.runTask(ForkJoinPool.java:1339) [scala-library-2.11.8.jar:na]
	at scala.concurrent.forkjoin.ForkJoinPool.runWorker(ForkJoinPool.java:1979) [scala-library-2.11.8.jar:na]
	at scala.concurrent.forkjoin.ForkJoinWorkerThread.run(ForkJoinWorkerThread.java:107) [scala-library-2.11.8.jar:na]
2017-02-16 16:02:18,312 [ERROR] from akka.cluster.sharding.PersistentShardCoordinator in consumer-impl-application-akka.actor.default-dispatcher-16 - Exception in receiveRecover when replaying event type [akka.cluster.sharding.ShardCoordinator$Internal$ShardHomeAllocated] with sequence number [3] for persistenceId [/sharding/HelloEntityCoordinator].
java.lang.IllegalArgumentException: requirement failed: Region Actor[akka.tcp://consumer-impl-application@127.0.0.1:44259/system/sharding/HelloEntity#657522096] not registered: State(Map(),Map(),Set(),Set(),false)
	at scala.Predef$.require(Predef.scala:224) ~[scala-library-2.11.8.jar:1.0.0-M1]
	at akka.cluster.sharding.ShardCoordinator$Internal$State.updated(ShardCoordinator.scala:294) ~[akka-cluster-sharding_2.11-2.4.16.jar:na]
	at akka.cluster.sharding.PersistentShardCoordinator$$anonfun$receiveRecover$1.applyOrElse(ShardCoordinator.scala:776) ~[akka-cluster-sharding_2.11-2.4.16.jar:na]
	at scala.runtime.AbstractPartialFunction.apply(AbstractPartialFunction.scala:36) ~[scala-library-2.11.8.jar:1.0.0-M1]
	at akka.persistence.Eventsourced$$anon$3$$anonfun$1.applyOrElse(Eventsourced.scala:484) ~[akka-persistence_2.11-2.4.16.jar:na]
	at akka.actor.Actor$class.aroundReceive(Actor.scala:496) ~[akka-actor_2.11-2.4.16.jar:na]
	at akka.cluster.sharding.PersistentShardCoordinator.akka$persistence$Eventsourced$$super$aroundReceive(ShardCoordinator.scala:744) ~[akka-cluster-sharding_2.11-2.4.16.jar:na]
	at akka.persistence.Eventsourced$$anon$4.stateReceive(Eventsourced.scala:552) ~[akka-persistence_2.11-2.4.16.jar:na]
	at akka.persistence.Eventsourced$class.aroundReceive(Eventsourced.scala:183) ~[akka-persistence_2.11-2.4.16.jar:na]
	at akka.cluster.sharding.PersistentShardCoordinator.aroundReceive(ShardCoordinator.scala:744) ~[akka-cluster-sharding_2.11-2.4.16.jar:na]
	at akka.actor.ActorCell.receiveMessage(ActorCell.scala:526) [akka-actor_2.11-2.4.16.jar:na]
	at akka.actor.ActorCell.invoke(ActorCell.scala:495) [akka-actor_2.11-2.4.16.jar:na]
	at akka.dispatch.Mailbox.processMailbox(Mailbox.scala:257) [akka-actor_2.11-2.4.16.jar:na]
	at akka.dispatch.Mailbox.run(Mailbox.scala:224) [akka-actor_2.11-2.4.16.jar:na]
	at akka.dispatch.Mailbox.exec(Mailbox.scala:234) [akka-actor_2.11-2.4.16.jar:na]
	at scala.concurrent.forkjoin.ForkJoinTask.doExec(ForkJoinTask.java:260) [scala-library-2.11.8.jar:na]
	at scala.concurrent.forkjoin.ForkJoinPool$WorkQueue.runTask(ForkJoinPool.java:1339) [scala-library-2.11.8.jar:na]
	at scala.concurrent.forkjoin.ForkJoinPool.runWorker(ForkJoinPool.java:1979) [scala-library-2.11.8.jar:na]
	at scala.concurrent.forkjoin.ForkJoinWorkerThread.run(ForkJoinWorkerThread.java:107) [scala-library-2.11.8.jar:na]
2017-02-16 16:02:46,256 [ERROR] from akka.cluster.sharding.PersistentShardCoordinator in consumer-impl-application-akka.actor.default-dispatcher-6 - Exception in receiveRecover when replaying event type [akka.cluster.sharding.ShardCoordinator$Internal$ShardHomeAllocated] with sequence number [3] for persistenceId [/sharding/HelloEntityCoordinator].
java.lang.IllegalArgumentException: requirement failed: Region Actor[akka.tcp://consumer-impl-application@127.0.0.1:44259/system/sharding/HelloEntity#657522096] not registered: State(Map(),Map(),Set(),Set(),false)
	at scala.Predef$.require(Predef.scala:224) ~[scala-library-2.11.8.jar:1.0.0-M1]
	at akka.cluster.sharding.ShardCoordinator$Internal$State.updated(ShardCoordinator.scala:294) ~[akka-cluster-sharding_2.11-2.4.16.jar:na]
	at akka.cluster.sharding.PersistentShardCoordinator$$anonfun$receiveRecover$1.applyOrElse(ShardCoordinator.scala:776) ~[akka-cluster-sharding_2.11-2.4.16.jar:na]
	at scala.runtime.AbstractPartialFunction.apply(AbstractPartialFunction.scala:36) ~[scala-library-2.11.8.jar:1.0.0-M1]
	at akka.persistence.Eventsourced$$anon$3$$anonfun$1.applyOrElse(Eventsourced.scala:484) ~[akka-persistence_2.11-2.4.16.jar:na]
	at akka.actor.Actor$class.aroundReceive(Actor.scala:496) ~[akka-actor_2.11-2.4.16.jar:na]
	at akka.cluster.sharding.PersistentShardCoordinator.akka$persistence$Eventsourced$$super$aroundReceive(ShardCoordinator.scala:744) ~[akka-cluster-sharding_2.11-2.4.16.jar:na]
	at akka.persistence.Eventsourced$$anon$4.stateReceive(Eventsourced.scala:552) ~[akka-persistence_2.11-2.4.16.jar:na]
	at akka.persistence.Eventsourced$class.aroundReceive(Eventsourced.scala:183) ~[akka-persistence_2.11-2.4.16.jar:na]
	at akka.cluster.sharding.PersistentShardCoordinator.aroundReceive(ShardCoordinator.scala:744) ~[akka-cluster-sharding_2.11-2.4.16.jar:na]
	at akka.actor.ActorCell.receiveMessage(ActorCell.scala:526) [akka-actor_2.11-2.4.16.jar:na]
	at akka.actor.ActorCell.invoke(ActorCell.scala:495) [akka-actor_2.11-2.4.16.jar:na]
	at akka.dispatch.Mailbox.processMailbox(Mailbox.scala:257) [akka-actor_2.11-2.4.16.jar:na]
	at akka.dispatch.Mailbox.run(Mailbox.scala:224) [akka-actor_2.11-2.4.16.jar:na]
	at akka.dispatch.Mailbox.exec(Mailbox.scala:234) [akka-actor_2.11-2.4.16.jar:na]
	at scala.concurrent.forkjoin.ForkJoinTask.doExec(ForkJoinTask.java:260) [scala-library-2.11.8.jar:na]
	at scala.concurrent.forkjoin.ForkJoinPool$WorkQueue.runTask(ForkJoinPool.java:1339) [scala-library-2.11.8.jar:na]
	at scala.concurrent.forkjoin.ForkJoinPool.runWorker(ForkJoinPool.java:1979) [scala-library-2.11.8.jar:na]
	at scala.concurrent.forkjoin.ForkJoinWorkerThread.run(ForkJoinWorkerThread.java:107) [scala-library-2.11.8.jar:na]
