2017-02-20 15:46:40,096 [WARN] from akka.cluster.sharding.ShardRegion in helloworld-consumer-impl-application-akka.actor.default-dispatcher-3 - Trying to register to coordinator at [Some(ActorSelection[Anchor(akka://helloworld-consumer-impl-application/), Path(/system/sharding/MessageEventProcessorCoordinator/singleton/coordinator)])], but no acknowledgement. Total [1] buffered messages.
2017-02-20 15:46:42,092 [WARN] from akka.cluster.sharding.ShardRegion in helloworld-consumer-impl-application-akka.actor.default-dispatcher-5 - Trying to register to coordinator at [Some(ActorSelection[Anchor(akka://helloworld-consumer-impl-application/), Path(/system/sharding/MessageEventProcessorCoordinator/singleton/coordinator)])], but no acknowledgement. Total [1] buffered messages.
2017-02-20 15:46:44,093 [WARN] from akka.cluster.sharding.ShardRegion in helloworld-consumer-impl-application-akka.actor.default-dispatcher-5 - Trying to register to coordinator at [Some(ActorSelection[Anchor(akka://helloworld-consumer-impl-application/), Path(/system/sharding/MessageEventProcessorCoordinator/singleton/coordinator)])], but no acknowledgement. Total [1] buffered messages.
2017-02-20 15:46:46,092 [WARN] from akka.cluster.sharding.ShardRegion in helloworld-consumer-impl-application-akka.actor.default-dispatcher-3 - Trying to register to coordinator at [Some(ActorSelection[Anchor(akka://helloworld-consumer-impl-application/), Path(/system/sharding/MessageEventProcessorCoordinator/singleton/coordinator)])], but no acknowledgement. Total [1] buffered messages.
2017-02-20 15:46:48,092 [WARN] from akka.cluster.sharding.ShardRegion in helloworld-consumer-impl-application-akka.actor.default-dispatcher-6 - Trying to register to coordinator at [Some(ActorSelection[Anchor(akka://helloworld-consumer-impl-application/), Path(/system/sharding/MessageEventProcessorCoordinator/singleton/coordinator)])], but no acknowledgement. Total [1] buffered messages.
2017-02-20 15:46:48,118 [WARN] from akka.cluster.sharding.ShardRegion in helloworld-consumer-impl-application-akka.actor.default-dispatcher-16 - Retry request for shard [sample.helloworldconsumer.impl.MessageEvent] homes from coordinator at [Actor[akka://helloworld-consumer-impl-application/system/sharding/MessageEventProcessorCoordinator/singleton/coordinator#-2053787723]]. [1] buffered messages.
2017-02-20 15:46:51,632 [ERROR] from akka.actor.OneForOneStrategy in helloworld-consumer-impl-application-akka.actor.default-dispatcher-16 - Codec not found for requested operation: [varchar <-> scala.collection.immutable.$colon$colon]
com.datastax.driver.core.exceptions.CodecNotFoundException: Codec not found for requested operation: [varchar <-> scala.collection.immutable.$colon$colon]
	at com.datastax.driver.core.CodecRegistry.notFound(CodecRegistry.java:679) ~[cassandra-driver-core-3.1.0.jar:na]
	at com.datastax.driver.core.CodecRegistry.createCodec(CodecRegistry.java:540) ~[cassandra-driver-core-3.1.0.jar:na]
	at com.datastax.driver.core.CodecRegistry.findCodec(CodecRegistry.java:520) ~[cassandra-driver-core-3.1.0.jar:na]
	at com.datastax.driver.core.CodecRegistry.codecFor(CodecRegistry.java:470) ~[cassandra-driver-core-3.1.0.jar:na]
	at com.datastax.driver.core.AbstractGettableByIndexData.codecFor(AbstractGettableByIndexData.java:77) ~[cassandra-driver-core-3.1.0.jar:na]
	at com.datastax.driver.core.BoundStatement.bind(BoundStatement.java:201) ~[cassandra-driver-core-3.1.0.jar:na]
	at com.datastax.driver.core.DefaultPreparedStatement.bind(DefaultPreparedStatement.java:126) ~[cassandra-driver-core-3.1.0.jar:na]
	at sample.helloworldconsumer.impl.MessageEventProcessor$$anonfun$1.apply(MessageEventProcessor.scala:57) ~[classes/:na]
	at sample.helloworldconsumer.impl.MessageEventProcessor$$anonfun$1.apply(MessageEventProcessor.scala:57) ~[classes/:na]
	at scala.collection.immutable.List.map(List.scala:273) ~[scala-library-2.11.8.jar:1.0.0-M1]
	at sample.helloworldconsumer.impl.MessageEventProcessor.sample$helloworldconsumer$impl$MessageEventProcessor$$insertWord(MessageEventProcessor.scala:57) ~[classes/:na]
	at sample.helloworldconsumer.impl.MessageEventProcessor$$anonfun$buildHandler$3.apply(MessageEventProcessor.scala:25) ~[classes/:na]
	at sample.helloworldconsumer.impl.MessageEventProcessor$$anonfun$buildHandler$3.apply(MessageEventProcessor.scala:25) ~[classes/:na]
	at com.lightbend.lagom.internal.scaladsl.persistence.cassandra.CassandraAutoReadSideHandler.invoke(CassandraReadSideHandler.scala:93) ~[lagom-scaladsl-persistence-cassandra_2.11-1.3.0-RC2.jar:1.3.0-RC2]
	at com.lightbend.lagom.internal.scaladsl.persistence.cassandra.CassandraAutoReadSideHandler.invoke(CassandraReadSideHandler.scala:73) ~[lagom-scaladsl-persistence-cassandra_2.11-1.3.0-RC2.jar:1.3.0-RC2]
	at com.lightbend.lagom.internal.scaladsl.persistence.cassandra.CassandraReadSideHandler.com$lightbend$lagom$internal$scaladsl$persistence$cassandra$CassandraReadSideHandler$$invokeHandler$1(CassandraReadSideHandler.scala:37) ~[lagom-scaladsl-persistence-cassandra_2.11-1.3.0-RC2.jar:1.3.0-RC2]
	at com.lightbend.lagom.internal.scaladsl.persistence.cassandra.CassandraReadSideHandler$$anonfun$handle$1.apply(CassandraReadSideHandler.scala:53) ~[lagom-scaladsl-persistence-cassandra_2.11-1.3.0-RC2.jar:1.3.0-RC2]
	at com.lightbend.lagom.internal.scaladsl.persistence.cassandra.CassandraReadSideHandler$$anonfun$handle$1.apply(CassandraReadSideHandler.scala:51) ~[lagom-scaladsl-persistence-cassandra_2.11-1.3.0-RC2.jar:1.3.0-RC2]
	at akka.stream.impl.fusing.MapAsync$$anon$24.onPush(Ops.scala:1169) ~[akka-stream_2.11-2.4.16.jar:na]
	at akka.stream.impl.fusing.GraphInterpreter.processPush(GraphInterpreter.scala:747) ~[akka-stream_2.11-2.4.16.jar:na]
	at akka.stream.impl.fusing.GraphInterpreter.processEvent(GraphInterpreter.scala:710) ~[akka-stream_2.11-2.4.16.jar:na]
	at akka.stream.impl.fusing.GraphInterpreter.execute(GraphInterpreter.scala:616) ~[akka-stream_2.11-2.4.16.jar:na]
	at akka.stream.impl.fusing.GraphInterpreterShell.runBatch(ActorGraphInterpreter.scala:471) ~[akka-stream_2.11-2.4.16.jar:na]
	at akka.stream.impl.fusing.GraphInterpreterShell.receive(ActorGraphInterpreter.scala:410) ~[akka-stream_2.11-2.4.16.jar:na]
	at akka.stream.impl.fusing.ActorGraphInterpreter.akka$stream$impl$fusing$ActorGraphInterpreter$$processEvent(ActorGraphInterpreter.scala:603) ~[akka-stream_2.11-2.4.16.jar:na]
	at akka.stream.impl.fusing.ActorGraphInterpreter$$anonfun$receive$1.applyOrElse(ActorGraphInterpreter.scala:618) ~[akka-stream_2.11-2.4.16.jar:na]
	at akka.actor.Actor$class.aroundReceive(Actor.scala:496) ~[akka-actor_2.11-2.4.16.jar:na]
	at akka.stream.impl.fusing.ActorGraphInterpreter.aroundReceive(ActorGraphInterpreter.scala:529) ~[akka-stream_2.11-2.4.16.jar:na]
	at akka.actor.ActorCell.receiveMessage(ActorCell.scala:526) ~[akka-actor_2.11-2.4.16.jar:na]
	at akka.actor.ActorCell.invoke(ActorCell.scala:495) ~[akka-actor_2.11-2.4.16.jar:na]
	at akka.dispatch.Mailbox.processMailbox(Mailbox.scala:257) ~[akka-actor_2.11-2.4.16.jar:na]
	at akka.dispatch.Mailbox.run(Mailbox.scala:224) ~[akka-actor_2.11-2.4.16.jar:na]
	at java.util.concurrent.ThreadPoolExecutor.runWorker(ThreadPoolExecutor.java:1142) ~[na:1.8.0_101]
	at java.util.concurrent.ThreadPoolExecutor$Worker.run(ThreadPoolExecutor.java:617) ~[na:1.8.0_101]
	at java.lang.Thread.run(Thread.java:745) ~[na:1.8.0_101]
2017-02-20 15:46:52,045 [WARN] from akka.serialization.Serialization(akka://helloworld-consumer-impl-application) in helloworld-consumer-impl-application-akka.actor.default-dispatcher-5 - Using the default Java serializer for class [sample.helloworldconsumer.impl.MessageSaved] which is not recommended because of performance implications. Use another serializer or disable this warning using the setting 'akka.actor.warn-about-java-serializer-usage'
2017-02-20 15:47:00,723 [ERROR] from akka.actor.OneForOneStrategy in helloworld-consumer-impl-application-akka.actor.default-dispatcher-4 - Codec not found for requested operation: [varchar <-> scala.collection.immutable.$colon$colon]
com.datastax.driver.core.exceptions.CodecNotFoundException: Codec not found for requested operation: [varchar <-> scala.collection.immutable.$colon$colon]
	at com.datastax.driver.core.CodecRegistry.notFound(CodecRegistry.java:679) ~[cassandra-driver-core-3.1.0.jar:na]
	at com.datastax.driver.core.CodecRegistry.createCodec(CodecRegistry.java:540) ~[cassandra-driver-core-3.1.0.jar:na]
	at com.datastax.driver.core.CodecRegistry.findCodec(CodecRegistry.java:520) ~[cassandra-driver-core-3.1.0.jar:na]
	at com.datastax.driver.core.CodecRegistry.codecFor(CodecRegistry.java:470) ~[cassandra-driver-core-3.1.0.jar:na]
	at com.datastax.driver.core.AbstractGettableByIndexData.codecFor(AbstractGettableByIndexData.java:77) ~[cassandra-driver-core-3.1.0.jar:na]
	at com.datastax.driver.core.BoundStatement.bind(BoundStatement.java:201) ~[cassandra-driver-core-3.1.0.jar:na]
	at com.datastax.driver.core.DefaultPreparedStatement.bind(DefaultPreparedStatement.java:126) ~[cassandra-driver-core-3.1.0.jar:na]
	at sample.helloworldconsumer.impl.MessageEventProcessor$$anonfun$1.apply(MessageEventProcessor.scala:57) ~[classes/:na]
	at sample.helloworldconsumer.impl.MessageEventProcessor$$anonfun$1.apply(MessageEventProcessor.scala:57) ~[classes/:na]
	at scala.collection.immutable.List.map(List.scala:273) ~[scala-library-2.11.8.jar:1.0.0-M1]
	at sample.helloworldconsumer.impl.MessageEventProcessor.sample$helloworldconsumer$impl$MessageEventProcessor$$insertWord(MessageEventProcessor.scala:57) ~[classes/:na]
	at sample.helloworldconsumer.impl.MessageEventProcessor$$anonfun$buildHandler$3.apply(MessageEventProcessor.scala:25) ~[classes/:na]
	at sample.helloworldconsumer.impl.MessageEventProcessor$$anonfun$buildHandler$3.apply(MessageEventProcessor.scala:25) ~[classes/:na]
	at com.lightbend.lagom.internal.scaladsl.persistence.cassandra.CassandraAutoReadSideHandler.invoke(CassandraReadSideHandler.scala:93) ~[lagom-scaladsl-persistence-cassandra_2.11-1.3.0-RC2.jar:1.3.0-RC2]
	at com.lightbend.lagom.internal.scaladsl.persistence.cassandra.CassandraAutoReadSideHandler.invoke(CassandraReadSideHandler.scala:73) ~[lagom-scaladsl-persistence-cassandra_2.11-1.3.0-RC2.jar:1.3.0-RC2]
	at com.lightbend.lagom.internal.scaladsl.persistence.cassandra.CassandraReadSideHandler.com$lightbend$lagom$internal$scaladsl$persistence$cassandra$CassandraReadSideHandler$$invokeHandler$1(CassandraReadSideHandler.scala:37) ~[lagom-scaladsl-persistence-cassandra_2.11-1.3.0-RC2.jar:1.3.0-RC2]
	at com.lightbend.lagom.internal.scaladsl.persistence.cassandra.CassandraReadSideHandler$$anonfun$handle$1.apply(CassandraReadSideHandler.scala:53) ~[lagom-scaladsl-persistence-cassandra_2.11-1.3.0-RC2.jar:1.3.0-RC2]
	at com.lightbend.lagom.internal.scaladsl.persistence.cassandra.CassandraReadSideHandler$$anonfun$handle$1.apply(CassandraReadSideHandler.scala:51) ~[lagom-scaladsl-persistence-cassandra_2.11-1.3.0-RC2.jar:1.3.0-RC2]
	at akka.stream.impl.fusing.MapAsync$$anon$24.onPush(Ops.scala:1169) ~[akka-stream_2.11-2.4.16.jar:na]
	at akka.stream.impl.fusing.GraphInterpreter.processPush(GraphInterpreter.scala:747) ~[akka-stream_2.11-2.4.16.jar:na]
	at akka.stream.impl.fusing.GraphInterpreter.processEvent(GraphInterpreter.scala:710) ~[akka-stream_2.11-2.4.16.jar:na]
	at akka.stream.impl.fusing.GraphInterpreter.execute(GraphInterpreter.scala:616) ~[akka-stream_2.11-2.4.16.jar:na]
	at akka.stream.impl.fusing.GraphInterpreterShell.runBatch(ActorGraphInterpreter.scala:471) ~[akka-stream_2.11-2.4.16.jar:na]
	at akka.stream.impl.fusing.GraphInterpreterShell.receive(ActorGraphInterpreter.scala:410) ~[akka-stream_2.11-2.4.16.jar:na]
	at akka.stream.impl.fusing.ActorGraphInterpreter.akka$stream$impl$fusing$ActorGraphInterpreter$$processEvent(ActorGraphInterpreter.scala:603) ~[akka-stream_2.11-2.4.16.jar:na]
	at akka.stream.impl.fusing.ActorGraphInterpreter$$anonfun$receive$1.applyOrElse(ActorGraphInterpreter.scala:618) ~[akka-stream_2.11-2.4.16.jar:na]
	at akka.actor.Actor$class.aroundReceive(Actor.scala:496) ~[akka-actor_2.11-2.4.16.jar:na]
	at akka.stream.impl.fusing.ActorGraphInterpreter.aroundReceive(ActorGraphInterpreter.scala:529) ~[akka-stream_2.11-2.4.16.jar:na]
	at akka.actor.ActorCell.receiveMessage(ActorCell.scala:526) ~[akka-actor_2.11-2.4.16.jar:na]
	at akka.actor.ActorCell.invoke(ActorCell.scala:495) ~[akka-actor_2.11-2.4.16.jar:na]
	at akka.dispatch.Mailbox.processMailbox(Mailbox.scala:257) ~[akka-actor_2.11-2.4.16.jar:na]
	at akka.dispatch.Mailbox.run(Mailbox.scala:224) ~[akka-actor_2.11-2.4.16.jar:na]
	at java.util.concurrent.ThreadPoolExecutor.runWorker(ThreadPoolExecutor.java:1142) ~[na:1.8.0_101]
	at java.util.concurrent.ThreadPoolExecutor$Worker.run(ThreadPoolExecutor.java:617) ~[na:1.8.0_101]
	at java.lang.Thread.run(Thread.java:745) ~[na:1.8.0_101]
2017-02-20 15:47:30,672 [ERROR] from akka.actor.OneForOneStrategy in helloworld-consumer-impl-application-akka.actor.default-dispatcher-4 - Codec not found for requested operation: [varchar <-> scala.collection.immutable.$colon$colon]
com.datastax.driver.core.exceptions.CodecNotFoundException: Codec not found for requested operation: [varchar <-> scala.collection.immutable.$colon$colon]
	at com.datastax.driver.core.CodecRegistry.notFound(CodecRegistry.java:679) ~[cassandra-driver-core-3.1.0.jar:na]
	at com.datastax.driver.core.CodecRegistry.createCodec(CodecRegistry.java:540) ~[cassandra-driver-core-3.1.0.jar:na]
	at com.datastax.driver.core.CodecRegistry.findCodec(CodecRegistry.java:520) ~[cassandra-driver-core-3.1.0.jar:na]
	at com.datastax.driver.core.CodecRegistry.codecFor(CodecRegistry.java:470) ~[cassandra-driver-core-3.1.0.jar:na]
	at com.datastax.driver.core.AbstractGettableByIndexData.codecFor(AbstractGettableByIndexData.java:77) ~[cassandra-driver-core-3.1.0.jar:na]
	at com.datastax.driver.core.BoundStatement.bind(BoundStatement.java:201) ~[cassandra-driver-core-3.1.0.jar:na]
	at com.datastax.driver.core.DefaultPreparedStatement.bind(DefaultPreparedStatement.java:126) ~[cassandra-driver-core-3.1.0.jar:na]
	at sample.helloworldconsumer.impl.MessageEventProcessor$$anonfun$1.apply(MessageEventProcessor.scala:57) ~[classes/:na]
	at sample.helloworldconsumer.impl.MessageEventProcessor$$anonfun$1.apply(MessageEventProcessor.scala:57) ~[classes/:na]
	at scala.collection.immutable.List.map(List.scala:273) ~[scala-library-2.11.8.jar:1.0.0-M1]
	at sample.helloworldconsumer.impl.MessageEventProcessor.sample$helloworldconsumer$impl$MessageEventProcessor$$insertWord(MessageEventProcessor.scala:57) ~[classes/:na]
	at sample.helloworldconsumer.impl.MessageEventProcessor$$anonfun$buildHandler$3.apply(MessageEventProcessor.scala:25) ~[classes/:na]
	at sample.helloworldconsumer.impl.MessageEventProcessor$$anonfun$buildHandler$3.apply(MessageEventProcessor.scala:25) ~[classes/:na]
	at com.lightbend.lagom.internal.scaladsl.persistence.cassandra.CassandraAutoReadSideHandler.invoke(CassandraReadSideHandler.scala:93) ~[lagom-scaladsl-persistence-cassandra_2.11-1.3.0-RC2.jar:1.3.0-RC2]
	at com.lightbend.lagom.internal.scaladsl.persistence.cassandra.CassandraAutoReadSideHandler.invoke(CassandraReadSideHandler.scala:73) ~[lagom-scaladsl-persistence-cassandra_2.11-1.3.0-RC2.jar:1.3.0-RC2]
	at com.lightbend.lagom.internal.scaladsl.persistence.cassandra.CassandraReadSideHandler.com$lightbend$lagom$internal$scaladsl$persistence$cassandra$CassandraReadSideHandler$$invokeHandler$1(CassandraReadSideHandler.scala:37) ~[lagom-scaladsl-persistence-cassandra_2.11-1.3.0-RC2.jar:1.3.0-RC2]
	at com.lightbend.lagom.internal.scaladsl.persistence.cassandra.CassandraReadSideHandler$$anonfun$handle$1.apply(CassandraReadSideHandler.scala:53) ~[lagom-scaladsl-persistence-cassandra_2.11-1.3.0-RC2.jar:1.3.0-RC2]
	at com.lightbend.lagom.internal.scaladsl.persistence.cassandra.CassandraReadSideHandler$$anonfun$handle$1.apply(CassandraReadSideHandler.scala:51) ~[lagom-scaladsl-persistence-cassandra_2.11-1.3.0-RC2.jar:1.3.0-RC2]
	at akka.stream.impl.fusing.MapAsync$$anon$24.onPush(Ops.scala:1169) ~[akka-stream_2.11-2.4.16.jar:na]
	at akka.stream.impl.fusing.GraphInterpreter.processPush(GraphInterpreter.scala:747) ~[akka-stream_2.11-2.4.16.jar:na]
	at akka.stream.impl.fusing.GraphInterpreter.processEvent(GraphInterpreter.scala:710) ~[akka-stream_2.11-2.4.16.jar:na]
	at akka.stream.impl.fusing.GraphInterpreter.execute(GraphInterpreter.scala:616) ~[akka-stream_2.11-2.4.16.jar:na]
	at akka.stream.impl.fusing.GraphInterpreterShell.runBatch(ActorGraphInterpreter.scala:471) ~[akka-stream_2.11-2.4.16.jar:na]
	at akka.stream.impl.fusing.GraphInterpreterShell.receive(ActorGraphInterpreter.scala:410) ~[akka-stream_2.11-2.4.16.jar:na]
	at akka.stream.impl.fusing.ActorGraphInterpreter.akka$stream$impl$fusing$ActorGraphInterpreter$$processEvent(ActorGraphInterpreter.scala:603) ~[akka-stream_2.11-2.4.16.jar:na]
	at akka.stream.impl.fusing.ActorGraphInterpreter$$anonfun$receive$1.applyOrElse(ActorGraphInterpreter.scala:618) ~[akka-stream_2.11-2.4.16.jar:na]
	at akka.actor.Actor$class.aroundReceive(Actor.scala:496) ~[akka-actor_2.11-2.4.16.jar:na]
	at akka.stream.impl.fusing.ActorGraphInterpreter.aroundReceive(ActorGraphInterpreter.scala:529) ~[akka-stream_2.11-2.4.16.jar:na]
	at akka.actor.ActorCell.receiveMessage(ActorCell.scala:526) ~[akka-actor_2.11-2.4.16.jar:na]
	at akka.actor.ActorCell.invoke(ActorCell.scala:495) ~[akka-actor_2.11-2.4.16.jar:na]
	at akka.dispatch.Mailbox.processMailbox(Mailbox.scala:257) ~[akka-actor_2.11-2.4.16.jar:na]
	at akka.dispatch.Mailbox.run(Mailbox.scala:224) ~[akka-actor_2.11-2.4.16.jar:na]
	at java.util.concurrent.ThreadPoolExecutor.runWorker(ThreadPoolExecutor.java:1142) ~[na:1.8.0_101]
	at java.util.concurrent.ThreadPoolExecutor$Worker.run(ThreadPoolExecutor.java:617) ~[na:1.8.0_101]
	at java.lang.Thread.run(Thread.java:745) ~[na:1.8.0_101]
2017-02-20 15:48:00,639 [ERROR] from akka.actor.OneForOneStrategy in helloworld-consumer-impl-application-akka.actor.default-dispatcher-6 - Codec not found for requested operation: [varchar <-> scala.collection.immutable.$colon$colon]
com.datastax.driver.core.exceptions.CodecNotFoundException: Codec not found for requested operation: [varchar <-> scala.collection.immutable.$colon$colon]
	at com.datastax.driver.core.CodecRegistry.notFound(CodecRegistry.java:679) ~[cassandra-driver-core-3.1.0.jar:na]
	at com.datastax.driver.core.CodecRegistry.createCodec(CodecRegistry.java:540) ~[cassandra-driver-core-3.1.0.jar:na]
	at com.datastax.driver.core.CodecRegistry.findCodec(CodecRegistry.java:520) ~[cassandra-driver-core-3.1.0.jar:na]
	at com.datastax.driver.core.CodecRegistry.codecFor(CodecRegistry.java:470) ~[cassandra-driver-core-3.1.0.jar:na]
	at com.datastax.driver.core.AbstractGettableByIndexData.codecFor(AbstractGettableByIndexData.java:77) ~[cassandra-driver-core-3.1.0.jar:na]
	at com.datastax.driver.core.BoundStatement.bind(BoundStatement.java:201) ~[cassandra-driver-core-3.1.0.jar:na]
	at com.datastax.driver.core.DefaultPreparedStatement.bind(DefaultPreparedStatement.java:126) ~[cassandra-driver-core-3.1.0.jar:na]
	at sample.helloworldconsumer.impl.MessageEventProcessor$$anonfun$1.apply(MessageEventProcessor.scala:57) ~[classes/:na]
	at sample.helloworldconsumer.impl.MessageEventProcessor$$anonfun$1.apply(MessageEventProcessor.scala:57) ~[classes/:na]
	at scala.collection.immutable.List.map(List.scala:273) ~[scala-library-2.11.8.jar:1.0.0-M1]
	at sample.helloworldconsumer.impl.MessageEventProcessor.sample$helloworldconsumer$impl$MessageEventProcessor$$insertWord(MessageEventProcessor.scala:57) ~[classes/:na]
	at sample.helloworldconsumer.impl.MessageEventProcessor$$anonfun$buildHandler$3.apply(MessageEventProcessor.scala:25) ~[classes/:na]
	at sample.helloworldconsumer.impl.MessageEventProcessor$$anonfun$buildHandler$3.apply(MessageEventProcessor.scala:25) ~[classes/:na]
	at com.lightbend.lagom.internal.scaladsl.persistence.cassandra.CassandraAutoReadSideHandler.invoke(CassandraReadSideHandler.scala:93) ~[lagom-scaladsl-persistence-cassandra_2.11-1.3.0-RC2.jar:1.3.0-RC2]
	at com.lightbend.lagom.internal.scaladsl.persistence.cassandra.CassandraAutoReadSideHandler.invoke(CassandraReadSideHandler.scala:73) ~[lagom-scaladsl-persistence-cassandra_2.11-1.3.0-RC2.jar:1.3.0-RC2]
	at com.lightbend.lagom.internal.scaladsl.persistence.cassandra.CassandraReadSideHandler.com$lightbend$lagom$internal$scaladsl$persistence$cassandra$CassandraReadSideHandler$$invokeHandler$1(CassandraReadSideHandler.scala:37) ~[lagom-scaladsl-persistence-cassandra_2.11-1.3.0-RC2.jar:1.3.0-RC2]
	at com.lightbend.lagom.internal.scaladsl.persistence.cassandra.CassandraReadSideHandler$$anonfun$handle$1.apply(CassandraReadSideHandler.scala:53) ~[lagom-scaladsl-persistence-cassandra_2.11-1.3.0-RC2.jar:1.3.0-RC2]
	at com.lightbend.lagom.internal.scaladsl.persistence.cassandra.CassandraReadSideHandler$$anonfun$handle$1.apply(CassandraReadSideHandler.scala:51) ~[lagom-scaladsl-persistence-cassandra_2.11-1.3.0-RC2.jar:1.3.0-RC2]
	at akka.stream.impl.fusing.MapAsync$$anon$24.onPush(Ops.scala:1169) ~[akka-stream_2.11-2.4.16.jar:na]
	at akka.stream.impl.fusing.GraphInterpreter.processPush(GraphInterpreter.scala:747) ~[akka-stream_2.11-2.4.16.jar:na]
	at akka.stream.impl.fusing.GraphInterpreter.processEvent(GraphInterpreter.scala:710) ~[akka-stream_2.11-2.4.16.jar:na]
	at akka.stream.impl.fusing.GraphInterpreter.execute(GraphInterpreter.scala:616) ~[akka-stream_2.11-2.4.16.jar:na]
	at akka.stream.impl.fusing.GraphInterpreterShell.runBatch(ActorGraphInterpreter.scala:471) ~[akka-stream_2.11-2.4.16.jar:na]
	at akka.stream.impl.fusing.GraphInterpreterShell.receive(ActorGraphInterpreter.scala:410) ~[akka-stream_2.11-2.4.16.jar:na]
	at akka.stream.impl.fusing.ActorGraphInterpreter.akka$stream$impl$fusing$ActorGraphInterpreter$$processEvent(ActorGraphInterpreter.scala:603) ~[akka-stream_2.11-2.4.16.jar:na]
	at akka.stream.impl.fusing.ActorGraphInterpreter$$anonfun$receive$1.applyOrElse(ActorGraphInterpreter.scala:618) ~[akka-stream_2.11-2.4.16.jar:na]
	at akka.actor.Actor$class.aroundReceive(Actor.scala:496) ~[akka-actor_2.11-2.4.16.jar:na]
	at akka.stream.impl.fusing.ActorGraphInterpreter.aroundReceive(ActorGraphInterpreter.scala:529) ~[akka-stream_2.11-2.4.16.jar:na]
	at akka.actor.ActorCell.receiveMessage(ActorCell.scala:526) ~[akka-actor_2.11-2.4.16.jar:na]
	at akka.actor.ActorCell.invoke(ActorCell.scala:495) ~[akka-actor_2.11-2.4.16.jar:na]
	at akka.dispatch.Mailbox.processMailbox(Mailbox.scala:257) ~[akka-actor_2.11-2.4.16.jar:na]
	at akka.dispatch.Mailbox.run(Mailbox.scala:224) ~[akka-actor_2.11-2.4.16.jar:na]
	at java.util.concurrent.ThreadPoolExecutor.runWorker(ThreadPoolExecutor.java:1142) ~[na:1.8.0_101]
	at java.util.concurrent.ThreadPoolExecutor$Worker.run(ThreadPoolExecutor.java:617) ~[na:1.8.0_101]
	at java.lang.Thread.run(Thread.java:745) ~[na:1.8.0_101]
2017-02-20 15:48:30,631 [ERROR] from akka.actor.OneForOneStrategy in helloworld-consumer-impl-application-akka.actor.default-dispatcher-3 - Codec not found for requested operation: [varchar <-> scala.collection.immutable.$colon$colon]
com.datastax.driver.core.exceptions.CodecNotFoundException: Codec not found for requested operation: [varchar <-> scala.collection.immutable.$colon$colon]
	at com.datastax.driver.core.CodecRegistry.notFound(CodecRegistry.java:679) ~[cassandra-driver-core-3.1.0.jar:na]
	at com.datastax.driver.core.CodecRegistry.createCodec(CodecRegistry.java:540) ~[cassandra-driver-core-3.1.0.jar:na]
	at com.datastax.driver.core.CodecRegistry.findCodec(CodecRegistry.java:520) ~[cassandra-driver-core-3.1.0.jar:na]
	at com.datastax.driver.core.CodecRegistry.codecFor(CodecRegistry.java:470) ~[cassandra-driver-core-3.1.0.jar:na]
	at com.datastax.driver.core.AbstractGettableByIndexData.codecFor(AbstractGettableByIndexData.java:77) ~[cassandra-driver-core-3.1.0.jar:na]
	at com.datastax.driver.core.BoundStatement.bind(BoundStatement.java:201) ~[cassandra-driver-core-3.1.0.jar:na]
	at com.datastax.driver.core.DefaultPreparedStatement.bind(DefaultPreparedStatement.java:126) ~[cassandra-driver-core-3.1.0.jar:na]
	at sample.helloworldconsumer.impl.MessageEventProcessor$$anonfun$1.apply(MessageEventProcessor.scala:57) ~[classes/:na]
	at sample.helloworldconsumer.impl.MessageEventProcessor$$anonfun$1.apply(MessageEventProcessor.scala:57) ~[classes/:na]
	at scala.collection.immutable.List.map(List.scala:273) ~[scala-library-2.11.8.jar:1.0.0-M1]
	at sample.helloworldconsumer.impl.MessageEventProcessor.sample$helloworldconsumer$impl$MessageEventProcessor$$insertWord(MessageEventProcessor.scala:57) ~[classes/:na]
	at sample.helloworldconsumer.impl.MessageEventProcessor$$anonfun$buildHandler$3.apply(MessageEventProcessor.scala:25) ~[classes/:na]
	at sample.helloworldconsumer.impl.MessageEventProcessor$$anonfun$buildHandler$3.apply(MessageEventProcessor.scala:25) ~[classes/:na]
	at com.lightbend.lagom.internal.scaladsl.persistence.cassandra.CassandraAutoReadSideHandler.invoke(CassandraReadSideHandler.scala:93) ~[lagom-scaladsl-persistence-cassandra_2.11-1.3.0-RC2.jar:1.3.0-RC2]
	at com.lightbend.lagom.internal.scaladsl.persistence.cassandra.CassandraAutoReadSideHandler.invoke(CassandraReadSideHandler.scala:73) ~[lagom-scaladsl-persistence-cassandra_2.11-1.3.0-RC2.jar:1.3.0-RC2]
	at com.lightbend.lagom.internal.scaladsl.persistence.cassandra.CassandraReadSideHandler.com$lightbend$lagom$internal$scaladsl$persistence$cassandra$CassandraReadSideHandler$$invokeHandler$1(CassandraReadSideHandler.scala:37) ~[lagom-scaladsl-persistence-cassandra_2.11-1.3.0-RC2.jar:1.3.0-RC2]
	at com.lightbend.lagom.internal.scaladsl.persistence.cassandra.CassandraReadSideHandler$$anonfun$handle$1.apply(CassandraReadSideHandler.scala:53) ~[lagom-scaladsl-persistence-cassandra_2.11-1.3.0-RC2.jar:1.3.0-RC2]
	at com.lightbend.lagom.internal.scaladsl.persistence.cassandra.CassandraReadSideHandler$$anonfun$handle$1.apply(CassandraReadSideHandler.scala:51) ~[lagom-scaladsl-persistence-cassandra_2.11-1.3.0-RC2.jar:1.3.0-RC2]
	at akka.stream.impl.fusing.MapAsync$$anon$24.onPush(Ops.scala:1169) ~[akka-stream_2.11-2.4.16.jar:na]
	at akka.stream.impl.fusing.GraphInterpreter.processPush(GraphInterpreter.scala:747) ~[akka-stream_2.11-2.4.16.jar:na]
	at akka.stream.impl.fusing.GraphInterpreter.processEvent(GraphInterpreter.scala:710) ~[akka-stream_2.11-2.4.16.jar:na]
	at akka.stream.impl.fusing.GraphInterpreter.execute(GraphInterpreter.scala:616) ~[akka-stream_2.11-2.4.16.jar:na]
	at akka.stream.impl.fusing.GraphInterpreterShell.runBatch(ActorGraphInterpreter.scala:471) ~[akka-stream_2.11-2.4.16.jar:na]
	at akka.stream.impl.fusing.GraphInterpreterShell.receive(ActorGraphInterpreter.scala:410) ~[akka-stream_2.11-2.4.16.jar:na]
	at akka.stream.impl.fusing.ActorGraphInterpreter.akka$stream$impl$fusing$ActorGraphInterpreter$$processEvent(ActorGraphInterpreter.scala:603) ~[akka-stream_2.11-2.4.16.jar:na]
	at akka.stream.impl.fusing.ActorGraphInterpreter$$anonfun$receive$1.applyOrElse(ActorGraphInterpreter.scala:618) ~[akka-stream_2.11-2.4.16.jar:na]
	at akka.actor.Actor$class.aroundReceive(Actor.scala:496) ~[akka-actor_2.11-2.4.16.jar:na]
	at akka.stream.impl.fusing.ActorGraphInterpreter.aroundReceive(ActorGraphInterpreter.scala:529) ~[akka-stream_2.11-2.4.16.jar:na]
	at akka.actor.ActorCell.receiveMessage(ActorCell.scala:526) ~[akka-actor_2.11-2.4.16.jar:na]
	at akka.actor.ActorCell.invoke(ActorCell.scala:495) ~[akka-actor_2.11-2.4.16.jar:na]
	at akka.dispatch.Mailbox.processMailbox(Mailbox.scala:257) ~[akka-actor_2.11-2.4.16.jar:na]
	at akka.dispatch.Mailbox.run(Mailbox.scala:224) ~[akka-actor_2.11-2.4.16.jar:na]
	at java.util.concurrent.ThreadPoolExecutor.runWorker(ThreadPoolExecutor.java:1142) ~[na:1.8.0_101]
	at java.util.concurrent.ThreadPoolExecutor$Worker.run(ThreadPoolExecutor.java:617) ~[na:1.8.0_101]
	at java.lang.Thread.run(Thread.java:745) ~[na:1.8.0_101]
2017-02-20 15:49:00,399 [ERROR] from akka.actor.OneForOneStrategy in helloworld-consumer-impl-application-akka.actor.default-dispatcher-3 - Codec not found for requested operation: [varchar <-> scala.collection.immutable.$colon$colon]
com.datastax.driver.core.exceptions.CodecNotFoundException: Codec not found for requested operation: [varchar <-> scala.collection.immutable.$colon$colon]
	at com.datastax.driver.core.CodecRegistry.notFound(CodecRegistry.java:679) ~[cassandra-driver-core-3.1.0.jar:na]
	at com.datastax.driver.core.CodecRegistry.createCodec(CodecRegistry.java:540) ~[cassandra-driver-core-3.1.0.jar:na]
	at com.datastax.driver.core.CodecRegistry.findCodec(CodecRegistry.java:520) ~[cassandra-driver-core-3.1.0.jar:na]
	at com.datastax.driver.core.CodecRegistry.codecFor(CodecRegistry.java:470) ~[cassandra-driver-core-3.1.0.jar:na]
	at com.datastax.driver.core.AbstractGettableByIndexData.codecFor(AbstractGettableByIndexData.java:77) ~[cassandra-driver-core-3.1.0.jar:na]
	at com.datastax.driver.core.BoundStatement.bind(BoundStatement.java:201) ~[cassandra-driver-core-3.1.0.jar:na]
	at com.datastax.driver.core.DefaultPreparedStatement.bind(DefaultPreparedStatement.java:126) ~[cassandra-driver-core-3.1.0.jar:na]
	at sample.helloworldconsumer.impl.MessageEventProcessor$$anonfun$1.apply(MessageEventProcessor.scala:57) ~[classes/:na]
	at sample.helloworldconsumer.impl.MessageEventProcessor$$anonfun$1.apply(MessageEventProcessor.scala:57) ~[classes/:na]
	at scala.collection.immutable.List.map(List.scala:273) ~[scala-library-2.11.8.jar:1.0.0-M1]
	at sample.helloworldconsumer.impl.MessageEventProcessor.sample$helloworldconsumer$impl$MessageEventProcessor$$insertWord(MessageEventProcessor.scala:57) ~[classes/:na]
	at sample.helloworldconsumer.impl.MessageEventProcessor$$anonfun$buildHandler$3.apply(MessageEventProcessor.scala:25) ~[classes/:na]
	at sample.helloworldconsumer.impl.MessageEventProcessor$$anonfun$buildHandler$3.apply(MessageEventProcessor.scala:25) ~[classes/:na]
	at com.lightbend.lagom.internal.scaladsl.persistence.cassandra.CassandraAutoReadSideHandler.invoke(CassandraReadSideHandler.scala:93) ~[lagom-scaladsl-persistence-cassandra_2.11-1.3.0-RC2.jar:1.3.0-RC2]
	at com.lightbend.lagom.internal.scaladsl.persistence.cassandra.CassandraAutoReadSideHandler.invoke(CassandraReadSideHandler.scala:73) ~[lagom-scaladsl-persistence-cassandra_2.11-1.3.0-RC2.jar:1.3.0-RC2]
	at com.lightbend.lagom.internal.scaladsl.persistence.cassandra.CassandraReadSideHandler.com$lightbend$lagom$internal$scaladsl$persistence$cassandra$CassandraReadSideHandler$$invokeHandler$1(CassandraReadSideHandler.scala:37) ~[lagom-scaladsl-persistence-cassandra_2.11-1.3.0-RC2.jar:1.3.0-RC2]
	at com.lightbend.lagom.internal.scaladsl.persistence.cassandra.CassandraReadSideHandler$$anonfun$handle$1.apply(CassandraReadSideHandler.scala:53) ~[lagom-scaladsl-persistence-cassandra_2.11-1.3.0-RC2.jar:1.3.0-RC2]
	at com.lightbend.lagom.internal.scaladsl.persistence.cassandra.CassandraReadSideHandler$$anonfun$handle$1.apply(CassandraReadSideHandler.scala:51) ~[lagom-scaladsl-persistence-cassandra_2.11-1.3.0-RC2.jar:1.3.0-RC2]
	at akka.stream.impl.fusing.MapAsync$$anon$24.onPush(Ops.scala:1169) ~[akka-stream_2.11-2.4.16.jar:na]
	at akka.stream.impl.fusing.GraphInterpreter.processPush(GraphInterpreter.scala:747) ~[akka-stream_2.11-2.4.16.jar:na]
	at akka.stream.impl.fusing.GraphInterpreter.processEvent(GraphInterpreter.scala:710) ~[akka-stream_2.11-2.4.16.jar:na]
	at akka.stream.impl.fusing.GraphInterpreter.execute(GraphInterpreter.scala:616) ~[akka-stream_2.11-2.4.16.jar:na]
	at akka.stream.impl.fusing.GraphInterpreterShell.runBatch(ActorGraphInterpreter.scala:471) ~[akka-stream_2.11-2.4.16.jar:na]
	at akka.stream.impl.fusing.GraphInterpreterShell.receive(ActorGraphInterpreter.scala:410) ~[akka-stream_2.11-2.4.16.jar:na]
	at akka.stream.impl.fusing.ActorGraphInterpreter.akka$stream$impl$fusing$ActorGraphInterpreter$$processEvent(ActorGraphInterpreter.scala:603) ~[akka-stream_2.11-2.4.16.jar:na]
	at akka.stream.impl.fusing.ActorGraphInterpreter$$anonfun$receive$1.applyOrElse(ActorGraphInterpreter.scala:618) ~[akka-stream_2.11-2.4.16.jar:na]
	at akka.actor.Actor$class.aroundReceive(Actor.scala:496) ~[akka-actor_2.11-2.4.16.jar:na]
	at akka.stream.impl.fusing.ActorGraphInterpreter.aroundReceive(ActorGraphInterpreter.scala:529) ~[akka-stream_2.11-2.4.16.jar:na]
	at akka.actor.ActorCell.receiveMessage(ActorCell.scala:526) ~[akka-actor_2.11-2.4.16.jar:na]
	at akka.actor.ActorCell.invoke(ActorCell.scala:495) ~[akka-actor_2.11-2.4.16.jar:na]
	at akka.dispatch.Mailbox.processMailbox(Mailbox.scala:257) ~[akka-actor_2.11-2.4.16.jar:na]
	at akka.dispatch.Mailbox.run(Mailbox.scala:224) ~[akka-actor_2.11-2.4.16.jar:na]
	at java.util.concurrent.ThreadPoolExecutor.runWorker(ThreadPoolExecutor.java:1142) ~[na:1.8.0_101]
	at java.util.concurrent.ThreadPoolExecutor$Worker.run(ThreadPoolExecutor.java:617) ~[na:1.8.0_101]
	at java.lang.Thread.run(Thread.java:745) ~[na:1.8.0_101]
2017-02-20 15:49:30,446 [ERROR] from akka.actor.OneForOneStrategy in helloworld-consumer-impl-application-akka.actor.default-dispatcher-18 - Codec not found for requested operation: [varchar <-> scala.collection.immutable.$colon$colon]
com.datastax.driver.core.exceptions.CodecNotFoundException: Codec not found for requested operation: [varchar <-> scala.collection.immutable.$colon$colon]
	at com.datastax.driver.core.CodecRegistry.notFound(CodecRegistry.java:679) ~[cassandra-driver-core-3.1.0.jar:na]
	at com.datastax.driver.core.CodecRegistry.createCodec(CodecRegistry.java:540) ~[cassandra-driver-core-3.1.0.jar:na]
	at com.datastax.driver.core.CodecRegistry.findCodec(CodecRegistry.java:520) ~[cassandra-driver-core-3.1.0.jar:na]
	at com.datastax.driver.core.CodecRegistry.codecFor(CodecRegistry.java:470) ~[cassandra-driver-core-3.1.0.jar:na]
	at com.datastax.driver.core.AbstractGettableByIndexData.codecFor(AbstractGettableByIndexData.java:77) ~[cassandra-driver-core-3.1.0.jar:na]
	at com.datastax.driver.core.BoundStatement.bind(BoundStatement.java:201) ~[cassandra-driver-core-3.1.0.jar:na]
	at com.datastax.driver.core.DefaultPreparedStatement.bind(DefaultPreparedStatement.java:126) ~[cassandra-driver-core-3.1.0.jar:na]
	at sample.helloworldconsumer.impl.MessageEventProcessor$$anonfun$1.apply(MessageEventProcessor.scala:57) ~[classes/:na]
	at sample.helloworldconsumer.impl.MessageEventProcessor$$anonfun$1.apply(MessageEventProcessor.scala:57) ~[classes/:na]
	at scala.collection.immutable.List.map(List.scala:273) ~[scala-library-2.11.8.jar:1.0.0-M1]
	at sample.helloworldconsumer.impl.MessageEventProcessor.sample$helloworldconsumer$impl$MessageEventProcessor$$insertWord(MessageEventProcessor.scala:57) ~[classes/:na]
	at sample.helloworldconsumer.impl.MessageEventProcessor$$anonfun$buildHandler$3.apply(MessageEventProcessor.scala:25) ~[classes/:na]
	at sample.helloworldconsumer.impl.MessageEventProcessor$$anonfun$buildHandler$3.apply(MessageEventProcessor.scala:25) ~[classes/:na]
	at com.lightbend.lagom.internal.scaladsl.persistence.cassandra.CassandraAutoReadSideHandler.invoke(CassandraReadSideHandler.scala:93) ~[lagom-scaladsl-persistence-cassandra_2.11-1.3.0-RC2.jar:1.3.0-RC2]
	at com.lightbend.lagom.internal.scaladsl.persistence.cassandra.CassandraAutoReadSideHandler.invoke(CassandraReadSideHandler.scala:73) ~[lagom-scaladsl-persistence-cassandra_2.11-1.3.0-RC2.jar:1.3.0-RC2]
	at com.lightbend.lagom.internal.scaladsl.persistence.cassandra.CassandraReadSideHandler.com$lightbend$lagom$internal$scaladsl$persistence$cassandra$CassandraReadSideHandler$$invokeHandler$1(CassandraReadSideHandler.scala:37) ~[lagom-scaladsl-persistence-cassandra_2.11-1.3.0-RC2.jar:1.3.0-RC2]
	at com.lightbend.lagom.internal.scaladsl.persistence.cassandra.CassandraReadSideHandler$$anonfun$handle$1.apply(CassandraReadSideHandler.scala:53) ~[lagom-scaladsl-persistence-cassandra_2.11-1.3.0-RC2.jar:1.3.0-RC2]
	at com.lightbend.lagom.internal.scaladsl.persistence.cassandra.CassandraReadSideHandler$$anonfun$handle$1.apply(CassandraReadSideHandler.scala:51) ~[lagom-scaladsl-persistence-cassandra_2.11-1.3.0-RC2.jar:1.3.0-RC2]
	at akka.stream.impl.fusing.MapAsync$$anon$24.onPush(Ops.scala:1169) ~[akka-stream_2.11-2.4.16.jar:na]
	at akka.stream.impl.fusing.GraphInterpreter.processPush(GraphInterpreter.scala:747) ~[akka-stream_2.11-2.4.16.jar:na]
	at akka.stream.impl.fusing.GraphInterpreter.processEvent(GraphInterpreter.scala:710) ~[akka-stream_2.11-2.4.16.jar:na]
	at akka.stream.impl.fusing.GraphInterpreter.execute(GraphInterpreter.scala:616) ~[akka-stream_2.11-2.4.16.jar:na]
	at akka.stream.impl.fusing.GraphInterpreterShell.runBatch(ActorGraphInterpreter.scala:471) ~[akka-stream_2.11-2.4.16.jar:na]
	at akka.stream.impl.fusing.GraphInterpreterShell.receive(ActorGraphInterpreter.scala:410) ~[akka-stream_2.11-2.4.16.jar:na]
	at akka.stream.impl.fusing.ActorGraphInterpreter.akka$stream$impl$fusing$ActorGraphInterpreter$$processEvent(ActorGraphInterpreter.scala:603) ~[akka-stream_2.11-2.4.16.jar:na]
	at akka.stream.impl.fusing.ActorGraphInterpreter$$anonfun$receive$1.applyOrElse(ActorGraphInterpreter.scala:618) ~[akka-stream_2.11-2.4.16.jar:na]
	at akka.actor.Actor$class.aroundReceive(Actor.scala:496) ~[akka-actor_2.11-2.4.16.jar:na]
	at akka.stream.impl.fusing.ActorGraphInterpreter.aroundReceive(ActorGraphInterpreter.scala:529) ~[akka-stream_2.11-2.4.16.jar:na]
	at akka.actor.ActorCell.receiveMessage(ActorCell.scala:526) ~[akka-actor_2.11-2.4.16.jar:na]
	at akka.actor.ActorCell.invoke(ActorCell.scala:495) ~[akka-actor_2.11-2.4.16.jar:na]
	at akka.dispatch.Mailbox.processMailbox(Mailbox.scala:257) ~[akka-actor_2.11-2.4.16.jar:na]
	at akka.dispatch.Mailbox.run(Mailbox.scala:224) ~[akka-actor_2.11-2.4.16.jar:na]
	at java.util.concurrent.ThreadPoolExecutor.runWorker(ThreadPoolExecutor.java:1142) ~[na:1.8.0_101]
	at java.util.concurrent.ThreadPoolExecutor$Worker.run(ThreadPoolExecutor.java:617) ~[na:1.8.0_101]
	at java.lang.Thread.run(Thread.java:745) ~[na:1.8.0_101]
2017-02-20 15:50:00,618 [ERROR] from akka.actor.OneForOneStrategy in helloworld-consumer-impl-application-akka.actor.default-dispatcher-16 - Codec not found for requested operation: [varchar <-> scala.collection.immutable.$colon$colon]
com.datastax.driver.core.exceptions.CodecNotFoundException: Codec not found for requested operation: [varchar <-> scala.collection.immutable.$colon$colon]
	at com.datastax.driver.core.CodecRegistry.notFound(CodecRegistry.java:679) ~[cassandra-driver-core-3.1.0.jar:na]
	at com.datastax.driver.core.CodecRegistry.createCodec(CodecRegistry.java:540) ~[cassandra-driver-core-3.1.0.jar:na]
	at com.datastax.driver.core.CodecRegistry.findCodec(CodecRegistry.java:520) ~[cassandra-driver-core-3.1.0.jar:na]
	at com.datastax.driver.core.CodecRegistry.codecFor(CodecRegistry.java:470) ~[cassandra-driver-core-3.1.0.jar:na]
	at com.datastax.driver.core.AbstractGettableByIndexData.codecFor(AbstractGettableByIndexData.java:77) ~[cassandra-driver-core-3.1.0.jar:na]
	at com.datastax.driver.core.BoundStatement.bind(BoundStatement.java:201) ~[cassandra-driver-core-3.1.0.jar:na]
	at com.datastax.driver.core.DefaultPreparedStatement.bind(DefaultPreparedStatement.java:126) ~[cassandra-driver-core-3.1.0.jar:na]
	at sample.helloworldconsumer.impl.MessageEventProcessor$$anonfun$1.apply(MessageEventProcessor.scala:57) ~[classes/:na]
	at sample.helloworldconsumer.impl.MessageEventProcessor$$anonfun$1.apply(MessageEventProcessor.scala:57) ~[classes/:na]
	at scala.collection.immutable.List.map(List.scala:273) ~[scala-library-2.11.8.jar:1.0.0-M1]
	at sample.helloworldconsumer.impl.MessageEventProcessor.sample$helloworldconsumer$impl$MessageEventProcessor$$insertWord(MessageEventProcessor.scala:57) ~[classes/:na]
	at sample.helloworldconsumer.impl.MessageEventProcessor$$anonfun$buildHandler$3.apply(MessageEventProcessor.scala:25) ~[classes/:na]
	at sample.helloworldconsumer.impl.MessageEventProcessor$$anonfun$buildHandler$3.apply(MessageEventProcessor.scala:25) ~[classes/:na]
	at com.lightbend.lagom.internal.scaladsl.persistence.cassandra.CassandraAutoReadSideHandler.invoke(CassandraReadSideHandler.scala:93) ~[lagom-scaladsl-persistence-cassandra_2.11-1.3.0-RC2.jar:1.3.0-RC2]
	at com.lightbend.lagom.internal.scaladsl.persistence.cassandra.CassandraAutoReadSideHandler.invoke(CassandraReadSideHandler.scala:73) ~[lagom-scaladsl-persistence-cassandra_2.11-1.3.0-RC2.jar:1.3.0-RC2]
	at com.lightbend.lagom.internal.scaladsl.persistence.cassandra.CassandraReadSideHandler.com$lightbend$lagom$internal$scaladsl$persistence$cassandra$CassandraReadSideHandler$$invokeHandler$1(CassandraReadSideHandler.scala:37) ~[lagom-scaladsl-persistence-cassandra_2.11-1.3.0-RC2.jar:1.3.0-RC2]
	at com.lightbend.lagom.internal.scaladsl.persistence.cassandra.CassandraReadSideHandler$$anonfun$handle$1.apply(CassandraReadSideHandler.scala:53) ~[lagom-scaladsl-persistence-cassandra_2.11-1.3.0-RC2.jar:1.3.0-RC2]
	at com.lightbend.lagom.internal.scaladsl.persistence.cassandra.CassandraReadSideHandler$$anonfun$handle$1.apply(CassandraReadSideHandler.scala:51) ~[lagom-scaladsl-persistence-cassandra_2.11-1.3.0-RC2.jar:1.3.0-RC2]
	at akka.stream.impl.fusing.MapAsync$$anon$24.onPush(Ops.scala:1169) ~[akka-stream_2.11-2.4.16.jar:na]
	at akka.stream.impl.fusing.GraphInterpreter.processPush(GraphInterpreter.scala:747) ~[akka-stream_2.11-2.4.16.jar:na]
	at akka.stream.impl.fusing.GraphInterpreter.processEvent(GraphInterpreter.scala:710) ~[akka-stream_2.11-2.4.16.jar:na]
	at akka.stream.impl.fusing.GraphInterpreter.execute(GraphInterpreter.scala:616) ~[akka-stream_2.11-2.4.16.jar:na]
	at akka.stream.impl.fusing.GraphInterpreterShell.runBatch(ActorGraphInterpreter.scala:471) ~[akka-stream_2.11-2.4.16.jar:na]
	at akka.stream.impl.fusing.GraphInterpreterShell.receive(ActorGraphInterpreter.scala:410) ~[akka-stream_2.11-2.4.16.jar:na]
	at akka.stream.impl.fusing.ActorGraphInterpreter.akka$stream$impl$fusing$ActorGraphInterpreter$$processEvent(ActorGraphInterpreter.scala:603) ~[akka-stream_2.11-2.4.16.jar:na]
	at akka.stream.impl.fusing.ActorGraphInterpreter$$anonfun$receive$1.applyOrElse(ActorGraphInterpreter.scala:618) ~[akka-stream_2.11-2.4.16.jar:na]
	at akka.actor.Actor$class.aroundReceive(Actor.scala:496) ~[akka-actor_2.11-2.4.16.jar:na]
	at akka.stream.impl.fusing.ActorGraphInterpreter.aroundReceive(ActorGraphInterpreter.scala:529) ~[akka-stream_2.11-2.4.16.jar:na]
	at akka.actor.ActorCell.receiveMessage(ActorCell.scala:526) ~[akka-actor_2.11-2.4.16.jar:na]
	at akka.actor.ActorCell.invoke(ActorCell.scala:495) ~[akka-actor_2.11-2.4.16.jar:na]
	at akka.dispatch.Mailbox.processMailbox(Mailbox.scala:257) ~[akka-actor_2.11-2.4.16.jar:na]
	at akka.dispatch.Mailbox.run(Mailbox.scala:224) ~[akka-actor_2.11-2.4.16.jar:na]
	at java.util.concurrent.ThreadPoolExecutor.runWorker(ThreadPoolExecutor.java:1142) ~[na:1.8.0_101]
	at java.util.concurrent.ThreadPoolExecutor$Worker.run(ThreadPoolExecutor.java:617) ~[na:1.8.0_101]
	at java.lang.Thread.run(Thread.java:745) ~[na:1.8.0_101]
2017-02-20 15:50:30,369 [ERROR] from akka.actor.OneForOneStrategy in helloworld-consumer-impl-application-akka.actor.default-dispatcher-4 - Codec not found for requested operation: [varchar <-> scala.collection.immutable.$colon$colon]
com.datastax.driver.core.exceptions.CodecNotFoundException: Codec not found for requested operation: [varchar <-> scala.collection.immutable.$colon$colon]
	at com.datastax.driver.core.CodecRegistry.notFound(CodecRegistry.java:679) ~[cassandra-driver-core-3.1.0.jar:na]
	at com.datastax.driver.core.CodecRegistry.createCodec(CodecRegistry.java:540) ~[cassandra-driver-core-3.1.0.jar:na]
	at com.datastax.driver.core.CodecRegistry.findCodec(CodecRegistry.java:520) ~[cassandra-driver-core-3.1.0.jar:na]
	at com.datastax.driver.core.CodecRegistry.codecFor(CodecRegistry.java:470) ~[cassandra-driver-core-3.1.0.jar:na]
	at com.datastax.driver.core.AbstractGettableByIndexData.codecFor(AbstractGettableByIndexData.java:77) ~[cassandra-driver-core-3.1.0.jar:na]
	at com.datastax.driver.core.BoundStatement.bind(BoundStatement.java:201) ~[cassandra-driver-core-3.1.0.jar:na]
	at com.datastax.driver.core.DefaultPreparedStatement.bind(DefaultPreparedStatement.java:126) ~[cassandra-driver-core-3.1.0.jar:na]
	at sample.helloworldconsumer.impl.MessageEventProcessor$$anonfun$1.apply(MessageEventProcessor.scala:57) ~[classes/:na]
	at sample.helloworldconsumer.impl.MessageEventProcessor$$anonfun$1.apply(MessageEventProcessor.scala:57) ~[classes/:na]
	at scala.collection.immutable.List.map(List.scala:273) ~[scala-library-2.11.8.jar:1.0.0-M1]
	at sample.helloworldconsumer.impl.MessageEventProcessor.sample$helloworldconsumer$impl$MessageEventProcessor$$insertWord(MessageEventProcessor.scala:57) ~[classes/:na]
	at sample.helloworldconsumer.impl.MessageEventProcessor$$anonfun$buildHandler$3.apply(MessageEventProcessor.scala:25) ~[classes/:na]
	at sample.helloworldconsumer.impl.MessageEventProcessor$$anonfun$buildHandler$3.apply(MessageEventProcessor.scala:25) ~[classes/:na]
	at com.lightbend.lagom.internal.scaladsl.persistence.cassandra.CassandraAutoReadSideHandler.invoke(CassandraReadSideHandler.scala:93) ~[lagom-scaladsl-persistence-cassandra_2.11-1.3.0-RC2.jar:1.3.0-RC2]
	at com.lightbend.lagom.internal.scaladsl.persistence.cassandra.CassandraAutoReadSideHandler.invoke(CassandraReadSideHandler.scala:73) ~[lagom-scaladsl-persistence-cassandra_2.11-1.3.0-RC2.jar:1.3.0-RC2]
	at com.lightbend.lagom.internal.scaladsl.persistence.cassandra.CassandraReadSideHandler.com$lightbend$lagom$internal$scaladsl$persistence$cassandra$CassandraReadSideHandler$$invokeHandler$1(CassandraReadSideHandler.scala:37) ~[lagom-scaladsl-persistence-cassandra_2.11-1.3.0-RC2.jar:1.3.0-RC2]
	at com.lightbend.lagom.internal.scaladsl.persistence.cassandra.CassandraReadSideHandler$$anonfun$handle$1.apply(CassandraReadSideHandler.scala:53) ~[lagom-scaladsl-persistence-cassandra_2.11-1.3.0-RC2.jar:1.3.0-RC2]
	at com.lightbend.lagom.internal.scaladsl.persistence.cassandra.CassandraReadSideHandler$$anonfun$handle$1.apply(CassandraReadSideHandler.scala:51) ~[lagom-scaladsl-persistence-cassandra_2.11-1.3.0-RC2.jar:1.3.0-RC2]
	at akka.stream.impl.fusing.MapAsync$$anon$24.onPush(Ops.scala:1169) ~[akka-stream_2.11-2.4.16.jar:na]
	at akka.stream.impl.fusing.GraphInterpreter.processPush(GraphInterpreter.scala:747) ~[akka-stream_2.11-2.4.16.jar:na]
	at akka.stream.impl.fusing.GraphInterpreter.processEvent(GraphInterpreter.scala:710) ~[akka-stream_2.11-2.4.16.jar:na]
	at akka.stream.impl.fusing.GraphInterpreter.execute(GraphInterpreter.scala:616) ~[akka-stream_2.11-2.4.16.jar:na]
	at akka.stream.impl.fusing.GraphInterpreterShell.runBatch(ActorGraphInterpreter.scala:471) ~[akka-stream_2.11-2.4.16.jar:na]
	at akka.stream.impl.fusing.GraphInterpreterShell.receive(ActorGraphInterpreter.scala:410) ~[akka-stream_2.11-2.4.16.jar:na]
	at akka.stream.impl.fusing.ActorGraphInterpreter.akka$stream$impl$fusing$ActorGraphInterpreter$$processEvent(ActorGraphInterpreter.scala:603) ~[akka-stream_2.11-2.4.16.jar:na]
	at akka.stream.impl.fusing.ActorGraphInterpreter$$anonfun$receive$1.applyOrElse(ActorGraphInterpreter.scala:618) ~[akka-stream_2.11-2.4.16.jar:na]
	at akka.actor.Actor$class.aroundReceive(Actor.scala:496) ~[akka-actor_2.11-2.4.16.jar:na]
	at akka.stream.impl.fusing.ActorGraphInterpreter.aroundReceive(ActorGraphInterpreter.scala:529) ~[akka-stream_2.11-2.4.16.jar:na]
	at akka.actor.ActorCell.receiveMessage(ActorCell.scala:526) ~[akka-actor_2.11-2.4.16.jar:na]
	at akka.actor.ActorCell.invoke(ActorCell.scala:495) ~[akka-actor_2.11-2.4.16.jar:na]
	at akka.dispatch.Mailbox.processMailbox(Mailbox.scala:257) ~[akka-actor_2.11-2.4.16.jar:na]
	at akka.dispatch.Mailbox.run(Mailbox.scala:224) ~[akka-actor_2.11-2.4.16.jar:na]
	at java.util.concurrent.ThreadPoolExecutor.runWorker(ThreadPoolExecutor.java:1142) ~[na:1.8.0_101]
	at java.util.concurrent.ThreadPoolExecutor$Worker.run(ThreadPoolExecutor.java:617) ~[na:1.8.0_101]
	at java.lang.Thread.run(Thread.java:745) ~[na:1.8.0_101]
2017-02-20 15:51:00,436 [ERROR] from akka.actor.OneForOneStrategy in helloworld-consumer-impl-application-akka.actor.default-dispatcher-3 - Codec not found for requested operation: [varchar <-> scala.collection.immutable.$colon$colon]
com.datastax.driver.core.exceptions.CodecNotFoundException: Codec not found for requested operation: [varchar <-> scala.collection.immutable.$colon$colon]
	at com.datastax.driver.core.CodecRegistry.notFound(CodecRegistry.java:679) ~[cassandra-driver-core-3.1.0.jar:na]
	at com.datastax.driver.core.CodecRegistry.createCodec(CodecRegistry.java:540) ~[cassandra-driver-core-3.1.0.jar:na]
	at com.datastax.driver.core.CodecRegistry.findCodec(CodecRegistry.java:520) ~[cassandra-driver-core-3.1.0.jar:na]
	at com.datastax.driver.core.CodecRegistry.codecFor(CodecRegistry.java:470) ~[cassandra-driver-core-3.1.0.jar:na]
	at com.datastax.driver.core.AbstractGettableByIndexData.codecFor(AbstractGettableByIndexData.java:77) ~[cassandra-driver-core-3.1.0.jar:na]
	at com.datastax.driver.core.BoundStatement.bind(BoundStatement.java:201) ~[cassandra-driver-core-3.1.0.jar:na]
	at com.datastax.driver.core.DefaultPreparedStatement.bind(DefaultPreparedStatement.java:126) ~[cassandra-driver-core-3.1.0.jar:na]
	at sample.helloworldconsumer.impl.MessageEventProcessor$$anonfun$1.apply(MessageEventProcessor.scala:57) ~[classes/:na]
	at sample.helloworldconsumer.impl.MessageEventProcessor$$anonfun$1.apply(MessageEventProcessor.scala:57) ~[classes/:na]
	at scala.collection.immutable.List.map(List.scala:273) ~[scala-library-2.11.8.jar:1.0.0-M1]
	at sample.helloworldconsumer.impl.MessageEventProcessor.sample$helloworldconsumer$impl$MessageEventProcessor$$insertWord(MessageEventProcessor.scala:57) ~[classes/:na]
	at sample.helloworldconsumer.impl.MessageEventProcessor$$anonfun$buildHandler$3.apply(MessageEventProcessor.scala:25) ~[classes/:na]
	at sample.helloworldconsumer.impl.MessageEventProcessor$$anonfun$buildHandler$3.apply(MessageEventProcessor.scala:25) ~[classes/:na]
	at com.lightbend.lagom.internal.scaladsl.persistence.cassandra.CassandraAutoReadSideHandler.invoke(CassandraReadSideHandler.scala:93) ~[lagom-scaladsl-persistence-cassandra_2.11-1.3.0-RC2.jar:1.3.0-RC2]
	at com.lightbend.lagom.internal.scaladsl.persistence.cassandra.CassandraAutoReadSideHandler.invoke(CassandraReadSideHandler.scala:73) ~[lagom-scaladsl-persistence-cassandra_2.11-1.3.0-RC2.jar:1.3.0-RC2]
	at com.lightbend.lagom.internal.scaladsl.persistence.cassandra.CassandraReadSideHandler.com$lightbend$lagom$internal$scaladsl$persistence$cassandra$CassandraReadSideHandler$$invokeHandler$1(CassandraReadSideHandler.scala:37) ~[lagom-scaladsl-persistence-cassandra_2.11-1.3.0-RC2.jar:1.3.0-RC2]
	at com.lightbend.lagom.internal.scaladsl.persistence.cassandra.CassandraReadSideHandler$$anonfun$handle$1.apply(CassandraReadSideHandler.scala:53) ~[lagom-scaladsl-persistence-cassandra_2.11-1.3.0-RC2.jar:1.3.0-RC2]
	at com.lightbend.lagom.internal.scaladsl.persistence.cassandra.CassandraReadSideHandler$$anonfun$handle$1.apply(CassandraReadSideHandler.scala:51) ~[lagom-scaladsl-persistence-cassandra_2.11-1.3.0-RC2.jar:1.3.0-RC2]
	at akka.stream.impl.fusing.MapAsync$$anon$24.onPush(Ops.scala:1169) ~[akka-stream_2.11-2.4.16.jar:na]
	at akka.stream.impl.fusing.GraphInterpreter.processPush(GraphInterpreter.scala:747) ~[akka-stream_2.11-2.4.16.jar:na]
	at akka.stream.impl.fusing.GraphInterpreter.processEvent(GraphInterpreter.scala:710) ~[akka-stream_2.11-2.4.16.jar:na]
	at akka.stream.impl.fusing.GraphInterpreter.execute(GraphInterpreter.scala:616) ~[akka-stream_2.11-2.4.16.jar:na]
	at akka.stream.impl.fusing.GraphInterpreterShell.runBatch(ActorGraphInterpreter.scala:471) ~[akka-stream_2.11-2.4.16.jar:na]
	at akka.stream.impl.fusing.GraphInterpreterShell.receive(ActorGraphInterpreter.scala:410) ~[akka-stream_2.11-2.4.16.jar:na]
	at akka.stream.impl.fusing.ActorGraphInterpreter.akka$stream$impl$fusing$ActorGraphInterpreter$$processEvent(ActorGraphInterpreter.scala:603) ~[akka-stream_2.11-2.4.16.jar:na]
	at akka.stream.impl.fusing.ActorGraphInterpreter$$anonfun$receive$1.applyOrElse(ActorGraphInterpreter.scala:618) ~[akka-stream_2.11-2.4.16.jar:na]
	at akka.actor.Actor$class.aroundReceive(Actor.scala:496) ~[akka-actor_2.11-2.4.16.jar:na]
	at akka.stream.impl.fusing.ActorGraphInterpreter.aroundReceive(ActorGraphInterpreter.scala:529) ~[akka-stream_2.11-2.4.16.jar:na]
	at akka.actor.ActorCell.receiveMessage(ActorCell.scala:526) ~[akka-actor_2.11-2.4.16.jar:na]
	at akka.actor.ActorCell.invoke(ActorCell.scala:495) ~[akka-actor_2.11-2.4.16.jar:na]
	at akka.dispatch.Mailbox.processMailbox(Mailbox.scala:257) ~[akka-actor_2.11-2.4.16.jar:na]
	at akka.dispatch.Mailbox.run(Mailbox.scala:224) ~[akka-actor_2.11-2.4.16.jar:na]
	at java.util.concurrent.ThreadPoolExecutor.runWorker(ThreadPoolExecutor.java:1142) ~[na:1.8.0_101]
	at java.util.concurrent.ThreadPoolExecutor$Worker.run(ThreadPoolExecutor.java:617) ~[na:1.8.0_101]
	at java.lang.Thread.run(Thread.java:745) ~[na:1.8.0_101]
2017-02-20 15:51:30,363 [ERROR] from akka.actor.OneForOneStrategy in helloworld-consumer-impl-application-akka.actor.default-dispatcher-17 - Codec not found for requested operation: [varchar <-> scala.collection.immutable.$colon$colon]
com.datastax.driver.core.exceptions.CodecNotFoundException: Codec not found for requested operation: [varchar <-> scala.collection.immutable.$colon$colon]
	at com.datastax.driver.core.CodecRegistry.notFound(CodecRegistry.java:679) ~[cassandra-driver-core-3.1.0.jar:na]
	at com.datastax.driver.core.CodecRegistry.createCodec(CodecRegistry.java:540) ~[cassandra-driver-core-3.1.0.jar:na]
	at com.datastax.driver.core.CodecRegistry.findCodec(CodecRegistry.java:520) ~[cassandra-driver-core-3.1.0.jar:na]
	at com.datastax.driver.core.CodecRegistry.codecFor(CodecRegistry.java:470) ~[cassandra-driver-core-3.1.0.jar:na]
	at com.datastax.driver.core.AbstractGettableByIndexData.codecFor(AbstractGettableByIndexData.java:77) ~[cassandra-driver-core-3.1.0.jar:na]
	at com.datastax.driver.core.BoundStatement.bind(BoundStatement.java:201) ~[cassandra-driver-core-3.1.0.jar:na]
	at com.datastax.driver.core.DefaultPreparedStatement.bind(DefaultPreparedStatement.java:126) ~[cassandra-driver-core-3.1.0.jar:na]
	at sample.helloworldconsumer.impl.MessageEventProcessor$$anonfun$1.apply(MessageEventProcessor.scala:57) ~[classes/:na]
	at sample.helloworldconsumer.impl.MessageEventProcessor$$anonfun$1.apply(MessageEventProcessor.scala:57) ~[classes/:na]
	at scala.collection.immutable.List.map(List.scala:273) ~[scala-library-2.11.8.jar:1.0.0-M1]
	at sample.helloworldconsumer.impl.MessageEventProcessor.sample$helloworldconsumer$impl$MessageEventProcessor$$insertWord(MessageEventProcessor.scala:57) ~[classes/:na]
	at sample.helloworldconsumer.impl.MessageEventProcessor$$anonfun$buildHandler$3.apply(MessageEventProcessor.scala:25) ~[classes/:na]
	at sample.helloworldconsumer.impl.MessageEventProcessor$$anonfun$buildHandler$3.apply(MessageEventProcessor.scala:25) ~[classes/:na]
	at com.lightbend.lagom.internal.scaladsl.persistence.cassandra.CassandraAutoReadSideHandler.invoke(CassandraReadSideHandler.scala:93) ~[lagom-scaladsl-persistence-cassandra_2.11-1.3.0-RC2.jar:1.3.0-RC2]
	at com.lightbend.lagom.internal.scaladsl.persistence.cassandra.CassandraAutoReadSideHandler.invoke(CassandraReadSideHandler.scala:73) ~[lagom-scaladsl-persistence-cassandra_2.11-1.3.0-RC2.jar:1.3.0-RC2]
	at com.lightbend.lagom.internal.scaladsl.persistence.cassandra.CassandraReadSideHandler.com$lightbend$lagom$internal$scaladsl$persistence$cassandra$CassandraReadSideHandler$$invokeHandler$1(CassandraReadSideHandler.scala:37) ~[lagom-scaladsl-persistence-cassandra_2.11-1.3.0-RC2.jar:1.3.0-RC2]
	at com.lightbend.lagom.internal.scaladsl.persistence.cassandra.CassandraReadSideHandler$$anonfun$handle$1.apply(CassandraReadSideHandler.scala:53) ~[lagom-scaladsl-persistence-cassandra_2.11-1.3.0-RC2.jar:1.3.0-RC2]
	at com.lightbend.lagom.internal.scaladsl.persistence.cassandra.CassandraReadSideHandler$$anonfun$handle$1.apply(CassandraReadSideHandler.scala:51) ~[lagom-scaladsl-persistence-cassandra_2.11-1.3.0-RC2.jar:1.3.0-RC2]
	at akka.stream.impl.fusing.MapAsync$$anon$24.onPush(Ops.scala:1169) ~[akka-stream_2.11-2.4.16.jar:na]
	at akka.stream.impl.fusing.GraphInterpreter.processPush(GraphInterpreter.scala:747) ~[akka-stream_2.11-2.4.16.jar:na]
	at akka.stream.impl.fusing.GraphInterpreter.processEvent(GraphInterpreter.scala:710) ~[akka-stream_2.11-2.4.16.jar:na]
	at akka.stream.impl.fusing.GraphInterpreter.execute(GraphInterpreter.scala:616) ~[akka-stream_2.11-2.4.16.jar:na]
	at akka.stream.impl.fusing.GraphInterpreterShell.runBatch(ActorGraphInterpreter.scala:471) ~[akka-stream_2.11-2.4.16.jar:na]
	at akka.stream.impl.fusing.GraphInterpreterShell.receive(ActorGraphInterpreter.scala:410) ~[akka-stream_2.11-2.4.16.jar:na]
	at akka.stream.impl.fusing.ActorGraphInterpreter.akka$stream$impl$fusing$ActorGraphInterpreter$$processEvent(ActorGraphInterpreter.scala:603) ~[akka-stream_2.11-2.4.16.jar:na]
	at akka.stream.impl.fusing.ActorGraphInterpreter$$anonfun$receive$1.applyOrElse(ActorGraphInterpreter.scala:618) ~[akka-stream_2.11-2.4.16.jar:na]
	at akka.actor.Actor$class.aroundReceive(Actor.scala:496) ~[akka-actor_2.11-2.4.16.jar:na]
	at akka.stream.impl.fusing.ActorGraphInterpreter.aroundReceive(ActorGraphInterpreter.scala:529) ~[akka-stream_2.11-2.4.16.jar:na]
	at akka.actor.ActorCell.receiveMessage(ActorCell.scala:526) ~[akka-actor_2.11-2.4.16.jar:na]
	at akka.actor.ActorCell.invoke(ActorCell.scala:495) ~[akka-actor_2.11-2.4.16.jar:na]
	at akka.dispatch.Mailbox.processMailbox(Mailbox.scala:257) ~[akka-actor_2.11-2.4.16.jar:na]
	at akka.dispatch.Mailbox.run(Mailbox.scala:224) ~[akka-actor_2.11-2.4.16.jar:na]
	at java.util.concurrent.ThreadPoolExecutor.runWorker(ThreadPoolExecutor.java:1142) ~[na:1.8.0_101]
	at java.util.concurrent.ThreadPoolExecutor$Worker.run(ThreadPoolExecutor.java:617) ~[na:1.8.0_101]
	at java.lang.Thread.run(Thread.java:745) ~[na:1.8.0_101]
2017-02-20 15:52:00,334 [ERROR] from akka.actor.OneForOneStrategy in helloworld-consumer-impl-application-akka.actor.default-dispatcher-17 - Codec not found for requested operation: [varchar <-> scala.collection.immutable.$colon$colon]
com.datastax.driver.core.exceptions.CodecNotFoundException: Codec not found for requested operation: [varchar <-> scala.collection.immutable.$colon$colon]
	at com.datastax.driver.core.CodecRegistry.notFound(CodecRegistry.java:679) ~[cassandra-driver-core-3.1.0.jar:na]
	at com.datastax.driver.core.CodecRegistry.createCodec(CodecRegistry.java:540) ~[cassandra-driver-core-3.1.0.jar:na]
	at com.datastax.driver.core.CodecRegistry.findCodec(CodecRegistry.java:520) ~[cassandra-driver-core-3.1.0.jar:na]
	at com.datastax.driver.core.CodecRegistry.codecFor(CodecRegistry.java:470) ~[cassandra-driver-core-3.1.0.jar:na]
	at com.datastax.driver.core.AbstractGettableByIndexData.codecFor(AbstractGettableByIndexData.java:77) ~[cassandra-driver-core-3.1.0.jar:na]
	at com.datastax.driver.core.BoundStatement.bind(BoundStatement.java:201) ~[cassandra-driver-core-3.1.0.jar:na]
	at com.datastax.driver.core.DefaultPreparedStatement.bind(DefaultPreparedStatement.java:126) ~[cassandra-driver-core-3.1.0.jar:na]
	at sample.helloworldconsumer.impl.MessageEventProcessor$$anonfun$1.apply(MessageEventProcessor.scala:57) ~[classes/:na]
	at sample.helloworldconsumer.impl.MessageEventProcessor$$anonfun$1.apply(MessageEventProcessor.scala:57) ~[classes/:na]
	at scala.collection.immutable.List.map(List.scala:273) ~[scala-library-2.11.8.jar:1.0.0-M1]
	at sample.helloworldconsumer.impl.MessageEventProcessor.sample$helloworldconsumer$impl$MessageEventProcessor$$insertWord(MessageEventProcessor.scala:57) ~[classes/:na]
	at sample.helloworldconsumer.impl.MessageEventProcessor$$anonfun$buildHandler$3.apply(MessageEventProcessor.scala:25) ~[classes/:na]
	at sample.helloworldconsumer.impl.MessageEventProcessor$$anonfun$buildHandler$3.apply(MessageEventProcessor.scala:25) ~[classes/:na]
	at com.lightbend.lagom.internal.scaladsl.persistence.cassandra.CassandraAutoReadSideHandler.invoke(CassandraReadSideHandler.scala:93) ~[lagom-scaladsl-persistence-cassandra_2.11-1.3.0-RC2.jar:1.3.0-RC2]
	at com.lightbend.lagom.internal.scaladsl.persistence.cassandra.CassandraAutoReadSideHandler.invoke(CassandraReadSideHandler.scala:73) ~[lagom-scaladsl-persistence-cassandra_2.11-1.3.0-RC2.jar:1.3.0-RC2]
	at com.lightbend.lagom.internal.scaladsl.persistence.cassandra.CassandraReadSideHandler.com$lightbend$lagom$internal$scaladsl$persistence$cassandra$CassandraReadSideHandler$$invokeHandler$1(CassandraReadSideHandler.scala:37) ~[lagom-scaladsl-persistence-cassandra_2.11-1.3.0-RC2.jar:1.3.0-RC2]
	at com.lightbend.lagom.internal.scaladsl.persistence.cassandra.CassandraReadSideHandler$$anonfun$handle$1.apply(CassandraReadSideHandler.scala:53) ~[lagom-scaladsl-persistence-cassandra_2.11-1.3.0-RC2.jar:1.3.0-RC2]
	at com.lightbend.lagom.internal.scaladsl.persistence.cassandra.CassandraReadSideHandler$$anonfun$handle$1.apply(CassandraReadSideHandler.scala:51) ~[lagom-scaladsl-persistence-cassandra_2.11-1.3.0-RC2.jar:1.3.0-RC2]
	at akka.stream.impl.fusing.MapAsync$$anon$24.onPush(Ops.scala:1169) ~[akka-stream_2.11-2.4.16.jar:na]
	at akka.stream.impl.fusing.GraphInterpreter.processPush(GraphInterpreter.scala:747) ~[akka-stream_2.11-2.4.16.jar:na]
	at akka.stream.impl.fusing.GraphInterpreter.processEvent(GraphInterpreter.scala:710) ~[akka-stream_2.11-2.4.16.jar:na]
	at akka.stream.impl.fusing.GraphInterpreter.execute(GraphInterpreter.scala:616) ~[akka-stream_2.11-2.4.16.jar:na]
	at akka.stream.impl.fusing.GraphInterpreterShell.runBatch(ActorGraphInterpreter.scala:471) ~[akka-stream_2.11-2.4.16.jar:na]
	at akka.stream.impl.fusing.GraphInterpreterShell.receive(ActorGraphInterpreter.scala:410) ~[akka-stream_2.11-2.4.16.jar:na]
	at akka.stream.impl.fusing.ActorGraphInterpreter.akka$stream$impl$fusing$ActorGraphInterpreter$$processEvent(ActorGraphInterpreter.scala:603) ~[akka-stream_2.11-2.4.16.jar:na]
	at akka.stream.impl.fusing.ActorGraphInterpreter$$anonfun$receive$1.applyOrElse(ActorGraphInterpreter.scala:618) ~[akka-stream_2.11-2.4.16.jar:na]
	at akka.actor.Actor$class.aroundReceive(Actor.scala:496) ~[akka-actor_2.11-2.4.16.jar:na]
	at akka.stream.impl.fusing.ActorGraphInterpreter.aroundReceive(ActorGraphInterpreter.scala:529) ~[akka-stream_2.11-2.4.16.jar:na]
	at akka.actor.ActorCell.receiveMessage(ActorCell.scala:526) ~[akka-actor_2.11-2.4.16.jar:na]
	at akka.actor.ActorCell.invoke(ActorCell.scala:495) ~[akka-actor_2.11-2.4.16.jar:na]
	at akka.dispatch.Mailbox.processMailbox(Mailbox.scala:257) ~[akka-actor_2.11-2.4.16.jar:na]
	at akka.dispatch.Mailbox.run(Mailbox.scala:224) ~[akka-actor_2.11-2.4.16.jar:na]
	at java.util.concurrent.ThreadPoolExecutor.runWorker(ThreadPoolExecutor.java:1142) ~[na:1.8.0_101]
	at java.util.concurrent.ThreadPoolExecutor$Worker.run(ThreadPoolExecutor.java:617) ~[na:1.8.0_101]
	at java.lang.Thread.run(Thread.java:745) ~[na:1.8.0_101]
2017-02-20 15:52:30,411 [ERROR] from akka.actor.OneForOneStrategy in helloworld-consumer-impl-application-akka.actor.default-dispatcher-4 - Codec not found for requested operation: [varchar <-> scala.collection.immutable.$colon$colon]
com.datastax.driver.core.exceptions.CodecNotFoundException: Codec not found for requested operation: [varchar <-> scala.collection.immutable.$colon$colon]
	at com.datastax.driver.core.CodecRegistry.notFound(CodecRegistry.java:679) ~[cassandra-driver-core-3.1.0.jar:na]
	at com.datastax.driver.core.CodecRegistry.createCodec(CodecRegistry.java:540) ~[cassandra-driver-core-3.1.0.jar:na]
	at com.datastax.driver.core.CodecRegistry.findCodec(CodecRegistry.java:520) ~[cassandra-driver-core-3.1.0.jar:na]
	at com.datastax.driver.core.CodecRegistry.codecFor(CodecRegistry.java:470) ~[cassandra-driver-core-3.1.0.jar:na]
	at com.datastax.driver.core.AbstractGettableByIndexData.codecFor(AbstractGettableByIndexData.java:77) ~[cassandra-driver-core-3.1.0.jar:na]
	at com.datastax.driver.core.BoundStatement.bind(BoundStatement.java:201) ~[cassandra-driver-core-3.1.0.jar:na]
	at com.datastax.driver.core.DefaultPreparedStatement.bind(DefaultPreparedStatement.java:126) ~[cassandra-driver-core-3.1.0.jar:na]
	at sample.helloworldconsumer.impl.MessageEventProcessor$$anonfun$1.apply(MessageEventProcessor.scala:57) ~[classes/:na]
	at sample.helloworldconsumer.impl.MessageEventProcessor$$anonfun$1.apply(MessageEventProcessor.scala:57) ~[classes/:na]
	at scala.collection.immutable.List.map(List.scala:273) ~[scala-library-2.11.8.jar:1.0.0-M1]
	at sample.helloworldconsumer.impl.MessageEventProcessor.sample$helloworldconsumer$impl$MessageEventProcessor$$insertWord(MessageEventProcessor.scala:57) ~[classes/:na]
	at sample.helloworldconsumer.impl.MessageEventProcessor$$anonfun$buildHandler$3.apply(MessageEventProcessor.scala:25) ~[classes/:na]
	at sample.helloworldconsumer.impl.MessageEventProcessor$$anonfun$buildHandler$3.apply(MessageEventProcessor.scala:25) ~[classes/:na]
	at com.lightbend.lagom.internal.scaladsl.persistence.cassandra.CassandraAutoReadSideHandler.invoke(CassandraReadSideHandler.scala:93) ~[lagom-scaladsl-persistence-cassandra_2.11-1.3.0-RC2.jar:1.3.0-RC2]
	at com.lightbend.lagom.internal.scaladsl.persistence.cassandra.CassandraAutoReadSideHandler.invoke(CassandraReadSideHandler.scala:73) ~[lagom-scaladsl-persistence-cassandra_2.11-1.3.0-RC2.jar:1.3.0-RC2]
	at com.lightbend.lagom.internal.scaladsl.persistence.cassandra.CassandraReadSideHandler.com$lightbend$lagom$internal$scaladsl$persistence$cassandra$CassandraReadSideHandler$$invokeHandler$1(CassandraReadSideHandler.scala:37) ~[lagom-scaladsl-persistence-cassandra_2.11-1.3.0-RC2.jar:1.3.0-RC2]
	at com.lightbend.lagom.internal.scaladsl.persistence.cassandra.CassandraReadSideHandler$$anonfun$handle$1.apply(CassandraReadSideHandler.scala:53) ~[lagom-scaladsl-persistence-cassandra_2.11-1.3.0-RC2.jar:1.3.0-RC2]
	at com.lightbend.lagom.internal.scaladsl.persistence.cassandra.CassandraReadSideHandler$$anonfun$handle$1.apply(CassandraReadSideHandler.scala:51) ~[lagom-scaladsl-persistence-cassandra_2.11-1.3.0-RC2.jar:1.3.0-RC2]
	at akka.stream.impl.fusing.MapAsync$$anon$24.onPush(Ops.scala:1169) ~[akka-stream_2.11-2.4.16.jar:na]
	at akka.stream.impl.fusing.GraphInterpreter.processPush(GraphInterpreter.scala:747) ~[akka-stream_2.11-2.4.16.jar:na]
	at akka.stream.impl.fusing.GraphInterpreter.processEvent(GraphInterpreter.scala:710) ~[akka-stream_2.11-2.4.16.jar:na]
	at akka.stream.impl.fusing.GraphInterpreter.execute(GraphInterpreter.scala:616) ~[akka-stream_2.11-2.4.16.jar:na]
	at akka.stream.impl.fusing.GraphInterpreterShell.runBatch(ActorGraphInterpreter.scala:471) ~[akka-stream_2.11-2.4.16.jar:na]
	at akka.stream.impl.fusing.GraphInterpreterShell.receive(ActorGraphInterpreter.scala:410) ~[akka-stream_2.11-2.4.16.jar:na]
	at akka.stream.impl.fusing.ActorGraphInterpreter.akka$stream$impl$fusing$ActorGraphInterpreter$$processEvent(ActorGraphInterpreter.scala:603) ~[akka-stream_2.11-2.4.16.jar:na]
	at akka.stream.impl.fusing.ActorGraphInterpreter$$anonfun$receive$1.applyOrElse(ActorGraphInterpreter.scala:618) ~[akka-stream_2.11-2.4.16.jar:na]
	at akka.actor.Actor$class.aroundReceive(Actor.scala:496) ~[akka-actor_2.11-2.4.16.jar:na]
	at akka.stream.impl.fusing.ActorGraphInterpreter.aroundReceive(ActorGraphInterpreter.scala:529) ~[akka-stream_2.11-2.4.16.jar:na]
	at akka.actor.ActorCell.receiveMessage(ActorCell.scala:526) ~[akka-actor_2.11-2.4.16.jar:na]
	at akka.actor.ActorCell.invoke(ActorCell.scala:495) ~[akka-actor_2.11-2.4.16.jar:na]
	at akka.dispatch.Mailbox.processMailbox(Mailbox.scala:257) ~[akka-actor_2.11-2.4.16.jar:na]
	at akka.dispatch.Mailbox.run(Mailbox.scala:224) ~[akka-actor_2.11-2.4.16.jar:na]
	at java.util.concurrent.ThreadPoolExecutor.runWorker(ThreadPoolExecutor.java:1142) ~[na:1.8.0_101]
	at java.util.concurrent.ThreadPoolExecutor$Worker.run(ThreadPoolExecutor.java:617) ~[na:1.8.0_101]
	at java.lang.Thread.run(Thread.java:745) ~[na:1.8.0_101]
2017-02-20 15:53:00,390 [ERROR] from akka.actor.OneForOneStrategy in helloworld-consumer-impl-application-akka.actor.default-dispatcher-16 - Codec not found for requested operation: [varchar <-> scala.collection.immutable.$colon$colon]
com.datastax.driver.core.exceptions.CodecNotFoundException: Codec not found for requested operation: [varchar <-> scala.collection.immutable.$colon$colon]
	at com.datastax.driver.core.CodecRegistry.notFound(CodecRegistry.java:679) ~[cassandra-driver-core-3.1.0.jar:na]
	at com.datastax.driver.core.CodecRegistry.createCodec(CodecRegistry.java:540) ~[cassandra-driver-core-3.1.0.jar:na]
	at com.datastax.driver.core.CodecRegistry.findCodec(CodecRegistry.java:520) ~[cassandra-driver-core-3.1.0.jar:na]
	at com.datastax.driver.core.CodecRegistry.codecFor(CodecRegistry.java:470) ~[cassandra-driver-core-3.1.0.jar:na]
	at com.datastax.driver.core.AbstractGettableByIndexData.codecFor(AbstractGettableByIndexData.java:77) ~[cassandra-driver-core-3.1.0.jar:na]
	at com.datastax.driver.core.BoundStatement.bind(BoundStatement.java:201) ~[cassandra-driver-core-3.1.0.jar:na]
	at com.datastax.driver.core.DefaultPreparedStatement.bind(DefaultPreparedStatement.java:126) ~[cassandra-driver-core-3.1.0.jar:na]
	at sample.helloworldconsumer.impl.MessageEventProcessor$$anonfun$1.apply(MessageEventProcessor.scala:57) ~[classes/:na]
	at sample.helloworldconsumer.impl.MessageEventProcessor$$anonfun$1.apply(MessageEventProcessor.scala:57) ~[classes/:na]
	at scala.collection.immutable.List.map(List.scala:273) ~[scala-library-2.11.8.jar:1.0.0-M1]
	at sample.helloworldconsumer.impl.MessageEventProcessor.sample$helloworldconsumer$impl$MessageEventProcessor$$insertWord(MessageEventProcessor.scala:57) ~[classes/:na]
	at sample.helloworldconsumer.impl.MessageEventProcessor$$anonfun$buildHandler$3.apply(MessageEventProcessor.scala:25) ~[classes/:na]
	at sample.helloworldconsumer.impl.MessageEventProcessor$$anonfun$buildHandler$3.apply(MessageEventProcessor.scala:25) ~[classes/:na]
	at com.lightbend.lagom.internal.scaladsl.persistence.cassandra.CassandraAutoReadSideHandler.invoke(CassandraReadSideHandler.scala:93) ~[lagom-scaladsl-persistence-cassandra_2.11-1.3.0-RC2.jar:1.3.0-RC2]
	at com.lightbend.lagom.internal.scaladsl.persistence.cassandra.CassandraAutoReadSideHandler.invoke(CassandraReadSideHandler.scala:73) ~[lagom-scaladsl-persistence-cassandra_2.11-1.3.0-RC2.jar:1.3.0-RC2]
	at com.lightbend.lagom.internal.scaladsl.persistence.cassandra.CassandraReadSideHandler.com$lightbend$lagom$internal$scaladsl$persistence$cassandra$CassandraReadSideHandler$$invokeHandler$1(CassandraReadSideHandler.scala:37) ~[lagom-scaladsl-persistence-cassandra_2.11-1.3.0-RC2.jar:1.3.0-RC2]
	at com.lightbend.lagom.internal.scaladsl.persistence.cassandra.CassandraReadSideHandler$$anonfun$handle$1.apply(CassandraReadSideHandler.scala:53) ~[lagom-scaladsl-persistence-cassandra_2.11-1.3.0-RC2.jar:1.3.0-RC2]
	at com.lightbend.lagom.internal.scaladsl.persistence.cassandra.CassandraReadSideHandler$$anonfun$handle$1.apply(CassandraReadSideHandler.scala:51) ~[lagom-scaladsl-persistence-cassandra_2.11-1.3.0-RC2.jar:1.3.0-RC2]
	at akka.stream.impl.fusing.MapAsync$$anon$24.onPush(Ops.scala:1169) ~[akka-stream_2.11-2.4.16.jar:na]
	at akka.stream.impl.fusing.GraphInterpreter.processPush(GraphInterpreter.scala:747) ~[akka-stream_2.11-2.4.16.jar:na]
	at akka.stream.impl.fusing.GraphInterpreter.processEvent(GraphInterpreter.scala:710) ~[akka-stream_2.11-2.4.16.jar:na]
	at akka.stream.impl.fusing.GraphInterpreter.execute(GraphInterpreter.scala:616) ~[akka-stream_2.11-2.4.16.jar:na]
	at akka.stream.impl.fusing.GraphInterpreterShell.runBatch(ActorGraphInterpreter.scala:471) ~[akka-stream_2.11-2.4.16.jar:na]
	at akka.stream.impl.fusing.GraphInterpreterShell.receive(ActorGraphInterpreter.scala:410) ~[akka-stream_2.11-2.4.16.jar:na]
	at akka.stream.impl.fusing.ActorGraphInterpreter.akka$stream$impl$fusing$ActorGraphInterpreter$$processEvent(ActorGraphInterpreter.scala:603) ~[akka-stream_2.11-2.4.16.jar:na]
	at akka.stream.impl.fusing.ActorGraphInterpreter$$anonfun$receive$1.applyOrElse(ActorGraphInterpreter.scala:618) ~[akka-stream_2.11-2.4.16.jar:na]
	at akka.actor.Actor$class.aroundReceive(Actor.scala:496) ~[akka-actor_2.11-2.4.16.jar:na]
	at akka.stream.impl.fusing.ActorGraphInterpreter.aroundReceive(ActorGraphInterpreter.scala:529) ~[akka-stream_2.11-2.4.16.jar:na]
	at akka.actor.ActorCell.receiveMessage(ActorCell.scala:526) ~[akka-actor_2.11-2.4.16.jar:na]
	at akka.actor.ActorCell.invoke(ActorCell.scala:495) ~[akka-actor_2.11-2.4.16.jar:na]
	at akka.dispatch.Mailbox.processMailbox(Mailbox.scala:257) ~[akka-actor_2.11-2.4.16.jar:na]
	at akka.dispatch.Mailbox.run(Mailbox.scala:224) ~[akka-actor_2.11-2.4.16.jar:na]
	at java.util.concurrent.ThreadPoolExecutor.runWorker(ThreadPoolExecutor.java:1142) ~[na:1.8.0_101]
	at java.util.concurrent.ThreadPoolExecutor$Worker.run(ThreadPoolExecutor.java:617) ~[na:1.8.0_101]
	at java.lang.Thread.run(Thread.java:745) ~[na:1.8.0_101]
2017-02-20 15:53:30,585 [ERROR] from akka.actor.OneForOneStrategy in helloworld-consumer-impl-application-akka.actor.default-dispatcher-3 - Codec not found for requested operation: [varchar <-> scala.collection.immutable.$colon$colon]
com.datastax.driver.core.exceptions.CodecNotFoundException: Codec not found for requested operation: [varchar <-> scala.collection.immutable.$colon$colon]
	at com.datastax.driver.core.CodecRegistry.notFound(CodecRegistry.java:679) ~[cassandra-driver-core-3.1.0.jar:na]
	at com.datastax.driver.core.CodecRegistry.createCodec(CodecRegistry.java:540) ~[cassandra-driver-core-3.1.0.jar:na]
	at com.datastax.driver.core.CodecRegistry.findCodec(CodecRegistry.java:520) ~[cassandra-driver-core-3.1.0.jar:na]
	at com.datastax.driver.core.CodecRegistry.codecFor(CodecRegistry.java:470) ~[cassandra-driver-core-3.1.0.jar:na]
	at com.datastax.driver.core.AbstractGettableByIndexData.codecFor(AbstractGettableByIndexData.java:77) ~[cassandra-driver-core-3.1.0.jar:na]
	at com.datastax.driver.core.BoundStatement.bind(BoundStatement.java:201) ~[cassandra-driver-core-3.1.0.jar:na]
	at com.datastax.driver.core.DefaultPreparedStatement.bind(DefaultPreparedStatement.java:126) ~[cassandra-driver-core-3.1.0.jar:na]
	at sample.helloworldconsumer.impl.MessageEventProcessor$$anonfun$1.apply(MessageEventProcessor.scala:57) ~[classes/:na]
	at sample.helloworldconsumer.impl.MessageEventProcessor$$anonfun$1.apply(MessageEventProcessor.scala:57) ~[classes/:na]
	at scala.collection.immutable.List.map(List.scala:273) ~[scala-library-2.11.8.jar:1.0.0-M1]
	at sample.helloworldconsumer.impl.MessageEventProcessor.sample$helloworldconsumer$impl$MessageEventProcessor$$insertWord(MessageEventProcessor.scala:57) ~[classes/:na]
	at sample.helloworldconsumer.impl.MessageEventProcessor$$anonfun$buildHandler$3.apply(MessageEventProcessor.scala:25) ~[classes/:na]
	at sample.helloworldconsumer.impl.MessageEventProcessor$$anonfun$buildHandler$3.apply(MessageEventProcessor.scala:25) ~[classes/:na]
	at com.lightbend.lagom.internal.scaladsl.persistence.cassandra.CassandraAutoReadSideHandler.invoke(CassandraReadSideHandler.scala:93) ~[lagom-scaladsl-persistence-cassandra_2.11-1.3.0-RC2.jar:1.3.0-RC2]
	at com.lightbend.lagom.internal.scaladsl.persistence.cassandra.CassandraAutoReadSideHandler.invoke(CassandraReadSideHandler.scala:73) ~[lagom-scaladsl-persistence-cassandra_2.11-1.3.0-RC2.jar:1.3.0-RC2]
	at com.lightbend.lagom.internal.scaladsl.persistence.cassandra.CassandraReadSideHandler.com$lightbend$lagom$internal$scaladsl$persistence$cassandra$CassandraReadSideHandler$$invokeHandler$1(CassandraReadSideHandler.scala:37) ~[lagom-scaladsl-persistence-cassandra_2.11-1.3.0-RC2.jar:1.3.0-RC2]
	at com.lightbend.lagom.internal.scaladsl.persistence.cassandra.CassandraReadSideHandler$$anonfun$handle$1.apply(CassandraReadSideHandler.scala:53) ~[lagom-scaladsl-persistence-cassandra_2.11-1.3.0-RC2.jar:1.3.0-RC2]
	at com.lightbend.lagom.internal.scaladsl.persistence.cassandra.CassandraReadSideHandler$$anonfun$handle$1.apply(CassandraReadSideHandler.scala:51) ~[lagom-scaladsl-persistence-cassandra_2.11-1.3.0-RC2.jar:1.3.0-RC2]
	at akka.stream.impl.fusing.MapAsync$$anon$24.onPush(Ops.scala:1169) ~[akka-stream_2.11-2.4.16.jar:na]
	at akka.stream.impl.fusing.GraphInterpreter.processPush(GraphInterpreter.scala:747) ~[akka-stream_2.11-2.4.16.jar:na]
	at akka.stream.impl.fusing.GraphInterpreter.processEvent(GraphInterpreter.scala:710) ~[akka-stream_2.11-2.4.16.jar:na]
	at akka.stream.impl.fusing.GraphInterpreter.execute(GraphInterpreter.scala:616) ~[akka-stream_2.11-2.4.16.jar:na]
	at akka.stream.impl.fusing.GraphInterpreterShell.runBatch(ActorGraphInterpreter.scala:471) ~[akka-stream_2.11-2.4.16.jar:na]
	at akka.stream.impl.fusing.GraphInterpreterShell.receive(ActorGraphInterpreter.scala:410) ~[akka-stream_2.11-2.4.16.jar:na]
	at akka.stream.impl.fusing.ActorGraphInterpreter.akka$stream$impl$fusing$ActorGraphInterpreter$$processEvent(ActorGraphInterpreter.scala:603) ~[akka-stream_2.11-2.4.16.jar:na]
	at akka.stream.impl.fusing.ActorGraphInterpreter$$anonfun$receive$1.applyOrElse(ActorGraphInterpreter.scala:618) ~[akka-stream_2.11-2.4.16.jar:na]
	at akka.actor.Actor$class.aroundReceive(Actor.scala:496) ~[akka-actor_2.11-2.4.16.jar:na]
	at akka.stream.impl.fusing.ActorGraphInterpreter.aroundReceive(ActorGraphInterpreter.scala:529) ~[akka-stream_2.11-2.4.16.jar:na]
	at akka.actor.ActorCell.receiveMessage(ActorCell.scala:526) ~[akka-actor_2.11-2.4.16.jar:na]
	at akka.actor.ActorCell.invoke(ActorCell.scala:495) ~[akka-actor_2.11-2.4.16.jar:na]
	at akka.dispatch.Mailbox.processMailbox(Mailbox.scala:257) ~[akka-actor_2.11-2.4.16.jar:na]
	at akka.dispatch.Mailbox.run(Mailbox.scala:224) ~[akka-actor_2.11-2.4.16.jar:na]
	at java.util.concurrent.ThreadPoolExecutor.runWorker(ThreadPoolExecutor.java:1142) ~[na:1.8.0_101]
	at java.util.concurrent.ThreadPoolExecutor$Worker.run(ThreadPoolExecutor.java:617) ~[na:1.8.0_101]
	at java.lang.Thread.run(Thread.java:745) ~[na:1.8.0_101]
2017-02-20 15:54:00,495 [ERROR] from akka.actor.OneForOneStrategy in helloworld-consumer-impl-application-akka.actor.default-dispatcher-18 - Codec not found for requested operation: [varchar <-> scala.collection.immutable.$colon$colon]
com.datastax.driver.core.exceptions.CodecNotFoundException: Codec not found for requested operation: [varchar <-> scala.collection.immutable.$colon$colon]
	at com.datastax.driver.core.CodecRegistry.notFound(CodecRegistry.java:679) ~[cassandra-driver-core-3.1.0.jar:na]
	at com.datastax.driver.core.CodecRegistry.createCodec(CodecRegistry.java:540) ~[cassandra-driver-core-3.1.0.jar:na]
	at com.datastax.driver.core.CodecRegistry.findCodec(CodecRegistry.java:520) ~[cassandra-driver-core-3.1.0.jar:na]
	at com.datastax.driver.core.CodecRegistry.codecFor(CodecRegistry.java:470) ~[cassandra-driver-core-3.1.0.jar:na]
	at com.datastax.driver.core.AbstractGettableByIndexData.codecFor(AbstractGettableByIndexData.java:77) ~[cassandra-driver-core-3.1.0.jar:na]
	at com.datastax.driver.core.BoundStatement.bind(BoundStatement.java:201) ~[cassandra-driver-core-3.1.0.jar:na]
	at com.datastax.driver.core.DefaultPreparedStatement.bind(DefaultPreparedStatement.java:126) ~[cassandra-driver-core-3.1.0.jar:na]
	at sample.helloworldconsumer.impl.MessageEventProcessor$$anonfun$1.apply(MessageEventProcessor.scala:57) ~[classes/:na]
	at sample.helloworldconsumer.impl.MessageEventProcessor$$anonfun$1.apply(MessageEventProcessor.scala:57) ~[classes/:na]
	at scala.collection.immutable.List.map(List.scala:273) ~[scala-library-2.11.8.jar:1.0.0-M1]
	at sample.helloworldconsumer.impl.MessageEventProcessor.sample$helloworldconsumer$impl$MessageEventProcessor$$insertWord(MessageEventProcessor.scala:57) ~[classes/:na]
	at sample.helloworldconsumer.impl.MessageEventProcessor$$anonfun$buildHandler$3.apply(MessageEventProcessor.scala:25) ~[classes/:na]
	at sample.helloworldconsumer.impl.MessageEventProcessor$$anonfun$buildHandler$3.apply(MessageEventProcessor.scala:25) ~[classes/:na]
	at com.lightbend.lagom.internal.scaladsl.persistence.cassandra.CassandraAutoReadSideHandler.invoke(CassandraReadSideHandler.scala:93) ~[lagom-scaladsl-persistence-cassandra_2.11-1.3.0-RC2.jar:1.3.0-RC2]
	at com.lightbend.lagom.internal.scaladsl.persistence.cassandra.CassandraAutoReadSideHandler.invoke(CassandraReadSideHandler.scala:73) ~[lagom-scaladsl-persistence-cassandra_2.11-1.3.0-RC2.jar:1.3.0-RC2]
	at com.lightbend.lagom.internal.scaladsl.persistence.cassandra.CassandraReadSideHandler.com$lightbend$lagom$internal$scaladsl$persistence$cassandra$CassandraReadSideHandler$$invokeHandler$1(CassandraReadSideHandler.scala:37) ~[lagom-scaladsl-persistence-cassandra_2.11-1.3.0-RC2.jar:1.3.0-RC2]
	at com.lightbend.lagom.internal.scaladsl.persistence.cassandra.CassandraReadSideHandler$$anonfun$handle$1.apply(CassandraReadSideHandler.scala:53) ~[lagom-scaladsl-persistence-cassandra_2.11-1.3.0-RC2.jar:1.3.0-RC2]
	at com.lightbend.lagom.internal.scaladsl.persistence.cassandra.CassandraReadSideHandler$$anonfun$handle$1.apply(CassandraReadSideHandler.scala:51) ~[lagom-scaladsl-persistence-cassandra_2.11-1.3.0-RC2.jar:1.3.0-RC2]
	at akka.stream.impl.fusing.MapAsync$$anon$24.onPush(Ops.scala:1169) ~[akka-stream_2.11-2.4.16.jar:na]
	at akka.stream.impl.fusing.GraphInterpreter.processPush(GraphInterpreter.scala:747) ~[akka-stream_2.11-2.4.16.jar:na]
	at akka.stream.impl.fusing.GraphInterpreter.processEvent(GraphInterpreter.scala:710) ~[akka-stream_2.11-2.4.16.jar:na]
	at akka.stream.impl.fusing.GraphInterpreter.execute(GraphInterpreter.scala:616) ~[akka-stream_2.11-2.4.16.jar:na]
	at akka.stream.impl.fusing.GraphInterpreterShell.runBatch(ActorGraphInterpreter.scala:471) ~[akka-stream_2.11-2.4.16.jar:na]
	at akka.stream.impl.fusing.GraphInterpreterShell.receive(ActorGraphInterpreter.scala:410) ~[akka-stream_2.11-2.4.16.jar:na]
	at akka.stream.impl.fusing.ActorGraphInterpreter.akka$stream$impl$fusing$ActorGraphInterpreter$$processEvent(ActorGraphInterpreter.scala:603) ~[akka-stream_2.11-2.4.16.jar:na]
	at akka.stream.impl.fusing.ActorGraphInterpreter$$anonfun$receive$1.applyOrElse(ActorGraphInterpreter.scala:618) ~[akka-stream_2.11-2.4.16.jar:na]
	at akka.actor.Actor$class.aroundReceive(Actor.scala:496) ~[akka-actor_2.11-2.4.16.jar:na]
	at akka.stream.impl.fusing.ActorGraphInterpreter.aroundReceive(ActorGraphInterpreter.scala:529) ~[akka-stream_2.11-2.4.16.jar:na]
	at akka.actor.ActorCell.receiveMessage(ActorCell.scala:526) ~[akka-actor_2.11-2.4.16.jar:na]
	at akka.actor.ActorCell.invoke(ActorCell.scala:495) ~[akka-actor_2.11-2.4.16.jar:na]
	at akka.dispatch.Mailbox.processMailbox(Mailbox.scala:257) ~[akka-actor_2.11-2.4.16.jar:na]
	at akka.dispatch.Mailbox.run(Mailbox.scala:224) ~[akka-actor_2.11-2.4.16.jar:na]
	at java.util.concurrent.ThreadPoolExecutor.runWorker(ThreadPoolExecutor.java:1142) ~[na:1.8.0_101]
	at java.util.concurrent.ThreadPoolExecutor$Worker.run(ThreadPoolExecutor.java:617) ~[na:1.8.0_101]
	at java.lang.Thread.run(Thread.java:745) ~[na:1.8.0_101]
2017-02-20 15:54:30,294 [ERROR] from akka.actor.OneForOneStrategy in helloworld-consumer-impl-application-akka.actor.default-dispatcher-16 - Codec not found for requested operation: [varchar <-> scala.collection.immutable.$colon$colon]
com.datastax.driver.core.exceptions.CodecNotFoundException: Codec not found for requested operation: [varchar <-> scala.collection.immutable.$colon$colon]
	at com.datastax.driver.core.CodecRegistry.notFound(CodecRegistry.java:679) ~[cassandra-driver-core-3.1.0.jar:na]
	at com.datastax.driver.core.CodecRegistry.createCodec(CodecRegistry.java:540) ~[cassandra-driver-core-3.1.0.jar:na]
	at com.datastax.driver.core.CodecRegistry.findCodec(CodecRegistry.java:520) ~[cassandra-driver-core-3.1.0.jar:na]
	at com.datastax.driver.core.CodecRegistry.codecFor(CodecRegistry.java:470) ~[cassandra-driver-core-3.1.0.jar:na]
	at com.datastax.driver.core.AbstractGettableByIndexData.codecFor(AbstractGettableByIndexData.java:77) ~[cassandra-driver-core-3.1.0.jar:na]
	at com.datastax.driver.core.BoundStatement.bind(BoundStatement.java:201) ~[cassandra-driver-core-3.1.0.jar:na]
	at com.datastax.driver.core.DefaultPreparedStatement.bind(DefaultPreparedStatement.java:126) ~[cassandra-driver-core-3.1.0.jar:na]
	at sample.helloworldconsumer.impl.MessageEventProcessor$$anonfun$1.apply(MessageEventProcessor.scala:57) ~[classes/:na]
	at sample.helloworldconsumer.impl.MessageEventProcessor$$anonfun$1.apply(MessageEventProcessor.scala:57) ~[classes/:na]
	at scala.collection.immutable.List.map(List.scala:273) ~[scala-library-2.11.8.jar:1.0.0-M1]
	at sample.helloworldconsumer.impl.MessageEventProcessor.sample$helloworldconsumer$impl$MessageEventProcessor$$insertWord(MessageEventProcessor.scala:57) ~[classes/:na]
	at sample.helloworldconsumer.impl.MessageEventProcessor$$anonfun$buildHandler$3.apply(MessageEventProcessor.scala:25) ~[classes/:na]
	at sample.helloworldconsumer.impl.MessageEventProcessor$$anonfun$buildHandler$3.apply(MessageEventProcessor.scala:25) ~[classes/:na]
	at com.lightbend.lagom.internal.scaladsl.persistence.cassandra.CassandraAutoReadSideHandler.invoke(CassandraReadSideHandler.scala:93) ~[lagom-scaladsl-persistence-cassandra_2.11-1.3.0-RC2.jar:1.3.0-RC2]
	at com.lightbend.lagom.internal.scaladsl.persistence.cassandra.CassandraAutoReadSideHandler.invoke(CassandraReadSideHandler.scala:73) ~[lagom-scaladsl-persistence-cassandra_2.11-1.3.0-RC2.jar:1.3.0-RC2]
	at com.lightbend.lagom.internal.scaladsl.persistence.cassandra.CassandraReadSideHandler.com$lightbend$lagom$internal$scaladsl$persistence$cassandra$CassandraReadSideHandler$$invokeHandler$1(CassandraReadSideHandler.scala:37) ~[lagom-scaladsl-persistence-cassandra_2.11-1.3.0-RC2.jar:1.3.0-RC2]
	at com.lightbend.lagom.internal.scaladsl.persistence.cassandra.CassandraReadSideHandler$$anonfun$handle$1.apply(CassandraReadSideHandler.scala:53) ~[lagom-scaladsl-persistence-cassandra_2.11-1.3.0-RC2.jar:1.3.0-RC2]
	at com.lightbend.lagom.internal.scaladsl.persistence.cassandra.CassandraReadSideHandler$$anonfun$handle$1.apply(CassandraReadSideHandler.scala:51) ~[lagom-scaladsl-persistence-cassandra_2.11-1.3.0-RC2.jar:1.3.0-RC2]
	at akka.stream.impl.fusing.MapAsync$$anon$24.onPush(Ops.scala:1169) ~[akka-stream_2.11-2.4.16.jar:na]
	at akka.stream.impl.fusing.GraphInterpreter.processPush(GraphInterpreter.scala:747) ~[akka-stream_2.11-2.4.16.jar:na]
	at akka.stream.impl.fusing.GraphInterpreter.processEvent(GraphInterpreter.scala:710) ~[akka-stream_2.11-2.4.16.jar:na]
	at akka.stream.impl.fusing.GraphInterpreter.execute(GraphInterpreter.scala:616) ~[akka-stream_2.11-2.4.16.jar:na]
	at akka.stream.impl.fusing.GraphInterpreterShell.runBatch(ActorGraphInterpreter.scala:471) ~[akka-stream_2.11-2.4.16.jar:na]
	at akka.stream.impl.fusing.GraphInterpreterShell.receive(ActorGraphInterpreter.scala:410) ~[akka-stream_2.11-2.4.16.jar:na]
	at akka.stream.impl.fusing.ActorGraphInterpreter.akka$stream$impl$fusing$ActorGraphInterpreter$$processEvent(ActorGraphInterpreter.scala:603) ~[akka-stream_2.11-2.4.16.jar:na]
	at akka.stream.impl.fusing.ActorGraphInterpreter$$anonfun$receive$1.applyOrElse(ActorGraphInterpreter.scala:618) ~[akka-stream_2.11-2.4.16.jar:na]
	at akka.actor.Actor$class.aroundReceive(Actor.scala:496) ~[akka-actor_2.11-2.4.16.jar:na]
	at akka.stream.impl.fusing.ActorGraphInterpreter.aroundReceive(ActorGraphInterpreter.scala:529) ~[akka-stream_2.11-2.4.16.jar:na]
	at akka.actor.ActorCell.receiveMessage(ActorCell.scala:526) ~[akka-actor_2.11-2.4.16.jar:na]
	at akka.actor.ActorCell.invoke(ActorCell.scala:495) ~[akka-actor_2.11-2.4.16.jar:na]
	at akka.dispatch.Mailbox.processMailbox(Mailbox.scala:257) ~[akka-actor_2.11-2.4.16.jar:na]
	at akka.dispatch.Mailbox.run(Mailbox.scala:224) ~[akka-actor_2.11-2.4.16.jar:na]
	at java.util.concurrent.ThreadPoolExecutor.runWorker(ThreadPoolExecutor.java:1142) ~[na:1.8.0_101]
	at java.util.concurrent.ThreadPoolExecutor$Worker.run(ThreadPoolExecutor.java:617) ~[na:1.8.0_101]
	at java.lang.Thread.run(Thread.java:745) ~[na:1.8.0_101]
2017-02-20 15:55:00,339 [ERROR] from akka.actor.OneForOneStrategy in helloworld-consumer-impl-application-akka.actor.default-dispatcher-5 - Codec not found for requested operation: [varchar <-> scala.collection.immutable.$colon$colon]
com.datastax.driver.core.exceptions.CodecNotFoundException: Codec not found for requested operation: [varchar <-> scala.collection.immutable.$colon$colon]
	at com.datastax.driver.core.CodecRegistry.notFound(CodecRegistry.java:679) ~[cassandra-driver-core-3.1.0.jar:na]
	at com.datastax.driver.core.CodecRegistry.createCodec(CodecRegistry.java:540) ~[cassandra-driver-core-3.1.0.jar:na]
	at com.datastax.driver.core.CodecRegistry.findCodec(CodecRegistry.java:520) ~[cassandra-driver-core-3.1.0.jar:na]
	at com.datastax.driver.core.CodecRegistry.codecFor(CodecRegistry.java:470) ~[cassandra-driver-core-3.1.0.jar:na]
	at com.datastax.driver.core.AbstractGettableByIndexData.codecFor(AbstractGettableByIndexData.java:77) ~[cassandra-driver-core-3.1.0.jar:na]
	at com.datastax.driver.core.BoundStatement.bind(BoundStatement.java:201) ~[cassandra-driver-core-3.1.0.jar:na]
	at com.datastax.driver.core.DefaultPreparedStatement.bind(DefaultPreparedStatement.java:126) ~[cassandra-driver-core-3.1.0.jar:na]
	at sample.helloworldconsumer.impl.MessageEventProcessor$$anonfun$1.apply(MessageEventProcessor.scala:57) ~[classes/:na]
	at sample.helloworldconsumer.impl.MessageEventProcessor$$anonfun$1.apply(MessageEventProcessor.scala:57) ~[classes/:na]
	at scala.collection.immutable.List.map(List.scala:273) ~[scala-library-2.11.8.jar:1.0.0-M1]
	at sample.helloworldconsumer.impl.MessageEventProcessor.sample$helloworldconsumer$impl$MessageEventProcessor$$insertWord(MessageEventProcessor.scala:57) ~[classes/:na]
	at sample.helloworldconsumer.impl.MessageEventProcessor$$anonfun$buildHandler$3.apply(MessageEventProcessor.scala:25) ~[classes/:na]
	at sample.helloworldconsumer.impl.MessageEventProcessor$$anonfun$buildHandler$3.apply(MessageEventProcessor.scala:25) ~[classes/:na]
	at com.lightbend.lagom.internal.scaladsl.persistence.cassandra.CassandraAutoReadSideHandler.invoke(CassandraReadSideHandler.scala:93) ~[lagom-scaladsl-persistence-cassandra_2.11-1.3.0-RC2.jar:1.3.0-RC2]
	at com.lightbend.lagom.internal.scaladsl.persistence.cassandra.CassandraAutoReadSideHandler.invoke(CassandraReadSideHandler.scala:73) ~[lagom-scaladsl-persistence-cassandra_2.11-1.3.0-RC2.jar:1.3.0-RC2]
	at com.lightbend.lagom.internal.scaladsl.persistence.cassandra.CassandraReadSideHandler.com$lightbend$lagom$internal$scaladsl$persistence$cassandra$CassandraReadSideHandler$$invokeHandler$1(CassandraReadSideHandler.scala:37) ~[lagom-scaladsl-persistence-cassandra_2.11-1.3.0-RC2.jar:1.3.0-RC2]
	at com.lightbend.lagom.internal.scaladsl.persistence.cassandra.CassandraReadSideHandler$$anonfun$handle$1.apply(CassandraReadSideHandler.scala:53) ~[lagom-scaladsl-persistence-cassandra_2.11-1.3.0-RC2.jar:1.3.0-RC2]
	at com.lightbend.lagom.internal.scaladsl.persistence.cassandra.CassandraReadSideHandler$$anonfun$handle$1.apply(CassandraReadSideHandler.scala:51) ~[lagom-scaladsl-persistence-cassandra_2.11-1.3.0-RC2.jar:1.3.0-RC2]
	at akka.stream.impl.fusing.MapAsync$$anon$24.onPush(Ops.scala:1169) ~[akka-stream_2.11-2.4.16.jar:na]
	at akka.stream.impl.fusing.GraphInterpreter.processPush(GraphInterpreter.scala:747) ~[akka-stream_2.11-2.4.16.jar:na]
	at akka.stream.impl.fusing.GraphInterpreter.processEvent(GraphInterpreter.scala:710) ~[akka-stream_2.11-2.4.16.jar:na]
	at akka.stream.impl.fusing.GraphInterpreter.execute(GraphInterpreter.scala:616) ~[akka-stream_2.11-2.4.16.jar:na]
	at akka.stream.impl.fusing.GraphInterpreterShell.runBatch(ActorGraphInterpreter.scala:471) ~[akka-stream_2.11-2.4.16.jar:na]
	at akka.stream.impl.fusing.GraphInterpreterShell.receive(ActorGraphInterpreter.scala:410) ~[akka-stream_2.11-2.4.16.jar:na]
	at akka.stream.impl.fusing.ActorGraphInterpreter.akka$stream$impl$fusing$ActorGraphInterpreter$$processEvent(ActorGraphInterpreter.scala:603) ~[akka-stream_2.11-2.4.16.jar:na]
	at akka.stream.impl.fusing.ActorGraphInterpreter$$anonfun$receive$1.applyOrElse(ActorGraphInterpreter.scala:618) ~[akka-stream_2.11-2.4.16.jar:na]
	at akka.actor.Actor$class.aroundReceive(Actor.scala:496) ~[akka-actor_2.11-2.4.16.jar:na]
	at akka.stream.impl.fusing.ActorGraphInterpreter.aroundReceive(ActorGraphInterpreter.scala:529) ~[akka-stream_2.11-2.4.16.jar:na]
	at akka.actor.ActorCell.receiveMessage(ActorCell.scala:526) ~[akka-actor_2.11-2.4.16.jar:na]
	at akka.actor.ActorCell.invoke(ActorCell.scala:495) ~[akka-actor_2.11-2.4.16.jar:na]
	at akka.dispatch.Mailbox.processMailbox(Mailbox.scala:257) ~[akka-actor_2.11-2.4.16.jar:na]
	at akka.dispatch.Mailbox.run(Mailbox.scala:224) ~[akka-actor_2.11-2.4.16.jar:na]
	at java.util.concurrent.ThreadPoolExecutor.runWorker(ThreadPoolExecutor.java:1142) ~[na:1.8.0_101]
	at java.util.concurrent.ThreadPoolExecutor$Worker.run(ThreadPoolExecutor.java:617) ~[na:1.8.0_101]
	at java.lang.Thread.run(Thread.java:745) ~[na:1.8.0_101]
